2025-02-11 14:23:14,883 [Worker-2: Loading available Gradle versions] INFO  o.e.b.c.i.u.g.PublishedGradleVersions - Gradle version information cache is not available. Remote download required.
2025-02-11 14:23:52,409 [ModalContext] INFO  o.e.m.c.i.e.AbstractTransferListenerAdapter - Downloading https://repo.maven.apache.org/maven2/org/apache/maven/archetypes/maven-archetype-quickstart/1.5/maven-archetype-quickstart-1.5.pom
2025-02-11 14:23:52,444 [ModalContext] INFO  o.e.m.c.i.e.AbstractTransferListenerAdapter - Downloaded https://repo.maven.apache.org/maven2/org/apache/maven/archetypes/maven-archetype-quickstart/1.5/maven-archetype-quickstart-1.5.pom
2025-02-11 14:23:52,517 [ModalContext] INFO  o.e.m.c.i.e.AbstractTransferListenerAdapter - Downloading https://repo.maven.apache.org/maven2/org/apache/maven/archetypes/maven-archetype-bundles/1.5/maven-archetype-bundles-1.5.pom
2025-02-11 14:23:52,559 [ModalContext] INFO  o.e.m.c.i.e.AbstractTransferListenerAdapter - Downloaded https://repo.maven.apache.org/maven2/org/apache/maven/archetypes/maven-archetype-bundles/1.5/maven-archetype-bundles-1.5.pom
2025-02-11 14:24:11,526 [Worker-3: Launching mavenrun-8ddda883-0dcc-4a44-9ca3-273e6e6e1bd2] INFO  o.eclipse.m2e.core.internal.Bundles - getClasspathEntries(Bundle=org.eclipse.m2e.maven.runtime_3.9.900.20240824-1409 [364])
2025-02-11 14:24:11,527 [Worker-3: Launching mavenrun-8ddda883-0dcc-4a44-9ca3-273e6e6e1bd2] INFO  o.eclipse.m2e.core.internal.Bundles - 	Entry: C:\Users\Wissen\Desktop\Basic Java\STS\sts-4.27.0.RELEASE\plugins\org.eclipse.m2e.maven.runtime_3.9.900.20240824-1409
2025-02-11 14:24:11,527 [Worker-3: Launching mavenrun-8ddda883-0dcc-4a44-9ca3-273e6e6e1bd2] INFO  o.eclipse.m2e.core.internal.Bundles - 	Entry: C:\Users\Wissen\Desktop\Basic Java\STS\sts-4.27.0.RELEASE\plugins\org.eclipse.m2e.maven.runtime_3.9.900.20240824-1409\jars\aopalliance-1.0.jar
2025-02-11 14:24:11,527 [Worker-3: Launching mavenrun-8ddda883-0dcc-4a44-9ca3-273e6e6e1bd2] INFO  o.eclipse.m2e.core.internal.Bundles - 	Entry: C:\Users\Wissen\Desktop\Basic Java\STS\sts-4.27.0.RELEASE\plugins\org.eclipse.m2e.maven.runtime_3.9.900.20240824-1409\jars\guice-5.1.0.jar
2025-02-11 14:24:11,527 [Worker-3: Launching mavenrun-8ddda883-0dcc-4a44-9ca3-273e6e6e1bd2] INFO  o.eclipse.m2e.core.internal.Bundles - 	Entry: C:\Users\Wissen\Desktop\Basic Java\STS\sts-4.27.0.RELEASE\plugins\org.eclipse.m2e.maven.runtime_3.9.900.20240824-1409\jars\httpclient-4.5.14.jar
2025-02-11 14:24:11,529 [Worker-3: Launching mavenrun-8ddda883-0dcc-4a44-9ca3-273e6e6e1bd2] INFO  o.eclipse.m2e.core.internal.Bundles - 	Entry: C:\Users\Wissen\Desktop\Basic Java\STS\sts-4.27.0.RELEASE\plugins\org.eclipse.m2e.maven.runtime_3.9.900.20240824-1409\jars\httpcore-4.4.16.jar
2025-02-11 14:24:11,529 [Worker-3: Launching mavenrun-8ddda883-0dcc-4a44-9ca3-273e6e6e1bd2] INFO  o.eclipse.m2e.core.internal.Bundles - 	Entry: C:\Users\Wissen\Desktop\Basic Java\STS\sts-4.27.0.RELEASE\plugins\org.eclipse.m2e.maven.runtime_3.9.900.20240824-1409\jars\jansi-2.4.1.jar
2025-02-11 14:24:11,529 [Worker-3: Launching mavenrun-8ddda883-0dcc-4a44-9ca3-273e6e6e1bd2] INFO  o.eclipse.m2e.core.internal.Bundles - 	Entry: C:\Users\Wissen\Desktop\Basic Java\STS\sts-4.27.0.RELEASE\plugins\org.eclipse.m2e.maven.runtime_3.9.900.20240824-1409\jars\jcl-over-slf4j-1.7.36.jar
2025-02-11 14:24:11,529 [Worker-3: Launching mavenrun-8ddda883-0dcc-4a44-9ca3-273e6e6e1bd2] INFO  o.eclipse.m2e.core.internal.Bundles - 	Entry: C:\Users\Wissen\Desktop\Basic Java\STS\sts-4.27.0.RELEASE\plugins\org.eclipse.m2e.maven.runtime_3.9.900.20240824-1409\jars\maven-artifact-3.9.9.jar
2025-02-11 14:24:11,529 [Worker-3: Launching mavenrun-8ddda883-0dcc-4a44-9ca3-273e6e6e1bd2] INFO  o.eclipse.m2e.core.internal.Bundles - 	Entry: C:\Users\Wissen\Desktop\Basic Java\STS\sts-4.27.0.RELEASE\plugins\org.eclipse.m2e.maven.runtime_3.9.900.20240824-1409\jars\maven-builder-support-3.9.9.jar
2025-02-11 14:24:11,529 [Worker-3: Launching mavenrun-8ddda883-0dcc-4a44-9ca3-273e6e6e1bd2] INFO  o.eclipse.m2e.core.internal.Bundles - 	Entry: C:\Users\Wissen\Desktop\Basic Java\STS\sts-4.27.0.RELEASE\plugins\org.eclipse.m2e.maven.runtime_3.9.900.20240824-1409\jars\maven-compat-3.9.9.jar
2025-02-11 14:24:11,530 [Worker-3: Launching mavenrun-8ddda883-0dcc-4a44-9ca3-273e6e6e1bd2] INFO  o.eclipse.m2e.core.internal.Bundles - 	Entry: C:\Users\Wissen\Desktop\Basic Java\STS\sts-4.27.0.RELEASE\plugins\org.eclipse.m2e.maven.runtime_3.9.900.20240824-1409\jars\maven-core-3.9.9.jar
2025-02-11 14:24:11,530 [Worker-3: Launching mavenrun-8ddda883-0dcc-4a44-9ca3-273e6e6e1bd2] INFO  o.eclipse.m2e.core.internal.Bundles - 	Entry: C:\Users\Wissen\Desktop\Basic Java\STS\sts-4.27.0.RELEASE\plugins\org.eclipse.m2e.maven.runtime_3.9.900.20240824-1409\jars\maven-embedder-3.9.9.jar
2025-02-11 14:24:11,530 [Worker-3: Launching mavenrun-8ddda883-0dcc-4a44-9ca3-273e6e6e1bd2] INFO  o.eclipse.m2e.core.internal.Bundles - 	Entry: C:\Users\Wissen\Desktop\Basic Java\STS\sts-4.27.0.RELEASE\plugins\org.eclipse.m2e.maven.runtime_3.9.900.20240824-1409\jars\maven-model-3.9.9.jar
2025-02-11 14:24:11,530 [Worker-3: Launching mavenrun-8ddda883-0dcc-4a44-9ca3-273e6e6e1bd2] INFO  o.eclipse.m2e.core.internal.Bundles - 	Entry: C:\Users\Wissen\Desktop\Basic Java\STS\sts-4.27.0.RELEASE\plugins\org.eclipse.m2e.maven.runtime_3.9.900.20240824-1409\jars\maven-model-builder-3.9.9.jar
2025-02-11 14:24:11,530 [Worker-3: Launching mavenrun-8ddda883-0dcc-4a44-9ca3-273e6e6e1bd2] INFO  o.eclipse.m2e.core.internal.Bundles - 	Entry: C:\Users\Wissen\Desktop\Basic Java\STS\sts-4.27.0.RELEASE\plugins\org.eclipse.m2e.maven.runtime_3.9.900.20240824-1409\jars\maven-plugin-api-3.9.9.jar
2025-02-11 14:24:11,530 [Worker-3: Launching mavenrun-8ddda883-0dcc-4a44-9ca3-273e6e6e1bd2] INFO  o.eclipse.m2e.core.internal.Bundles - 	Entry: C:\Users\Wissen\Desktop\Basic Java\STS\sts-4.27.0.RELEASE\plugins\org.eclipse.m2e.maven.runtime_3.9.900.20240824-1409\jars\maven-repository-metadata-3.9.9.jar
2025-02-11 14:24:11,531 [Worker-3: Launching mavenrun-8ddda883-0dcc-4a44-9ca3-273e6e6e1bd2] INFO  o.eclipse.m2e.core.internal.Bundles - 	Entry: C:\Users\Wissen\Desktop\Basic Java\STS\sts-4.27.0.RELEASE\plugins\org.eclipse.m2e.maven.runtime_3.9.900.20240824-1409\jars\maven-resolver-api-1.9.22.jar
2025-02-11 14:24:11,531 [Worker-3: Launching mavenrun-8ddda883-0dcc-4a44-9ca3-273e6e6e1bd2] INFO  o.eclipse.m2e.core.internal.Bundles - 	Entry: C:\Users\Wissen\Desktop\Basic Java\STS\sts-4.27.0.RELEASE\plugins\org.eclipse.m2e.maven.runtime_3.9.900.20240824-1409\jars\maven-resolver-connector-basic-1.9.22.jar
2025-02-11 14:24:11,531 [Worker-3: Launching mavenrun-8ddda883-0dcc-4a44-9ca3-273e6e6e1bd2] INFO  o.eclipse.m2e.core.internal.Bundles - 	Entry: C:\Users\Wissen\Desktop\Basic Java\STS\sts-4.27.0.RELEASE\plugins\org.eclipse.m2e.maven.runtime_3.9.900.20240824-1409\jars\maven-resolver-impl-1.9.22.jar
2025-02-11 14:24:11,531 [Worker-3: Launching mavenrun-8ddda883-0dcc-4a44-9ca3-273e6e6e1bd2] INFO  o.eclipse.m2e.core.internal.Bundles - 	Entry: C:\Users\Wissen\Desktop\Basic Java\STS\sts-4.27.0.RELEASE\plugins\org.eclipse.m2e.maven.runtime_3.9.900.20240824-1409\jars\maven-resolver-named-locks-1.9.22.jar
2025-02-11 14:24:11,531 [Worker-3: Launching mavenrun-8ddda883-0dcc-4a44-9ca3-273e6e6e1bd2] INFO  o.eclipse.m2e.core.internal.Bundles - 	Entry: C:\Users\Wissen\Desktop\Basic Java\STS\sts-4.27.0.RELEASE\plugins\org.eclipse.m2e.maven.runtime_3.9.900.20240824-1409\jars\maven-resolver-provider-3.9.9.jar
2025-02-11 14:24:11,531 [Worker-3: Launching mavenrun-8ddda883-0dcc-4a44-9ca3-273e6e6e1bd2] INFO  o.eclipse.m2e.core.internal.Bundles - 	Entry: C:\Users\Wissen\Desktop\Basic Java\STS\sts-4.27.0.RELEASE\plugins\org.eclipse.m2e.maven.runtime_3.9.900.20240824-1409\jars\maven-resolver-spi-1.9.22.jar
2025-02-11 14:24:11,532 [Worker-3: Launching mavenrun-8ddda883-0dcc-4a44-9ca3-273e6e6e1bd2] INFO  o.eclipse.m2e.core.internal.Bundles - 	Entry: C:\Users\Wissen\Desktop\Basic Java\STS\sts-4.27.0.RELEASE\plugins\org.eclipse.m2e.maven.runtime_3.9.900.20240824-1409\jars\maven-resolver-transport-file-1.9.22.jar
2025-02-11 14:24:11,532 [Worker-3: Launching mavenrun-8ddda883-0dcc-4a44-9ca3-273e6e6e1bd2] INFO  o.eclipse.m2e.core.internal.Bundles - 	Entry: C:\Users\Wissen\Desktop\Basic Java\STS\sts-4.27.0.RELEASE\plugins\org.eclipse.m2e.maven.runtime_3.9.900.20240824-1409\jars\maven-resolver-transport-http-1.9.22.jar
2025-02-11 14:24:11,532 [Worker-3: Launching mavenrun-8ddda883-0dcc-4a44-9ca3-273e6e6e1bd2] INFO  o.eclipse.m2e.core.internal.Bundles - 	Entry: C:\Users\Wissen\Desktop\Basic Java\STS\sts-4.27.0.RELEASE\plugins\org.eclipse.m2e.maven.runtime_3.9.900.20240824-1409\jars\maven-resolver-transport-wagon-1.9.22.jar
2025-02-11 14:24:11,532 [Worker-3: Launching mavenrun-8ddda883-0dcc-4a44-9ca3-273e6e6e1bd2] INFO  o.eclipse.m2e.core.internal.Bundles - 	Entry: C:\Users\Wissen\Desktop\Basic Java\STS\sts-4.27.0.RELEASE\plugins\org.eclipse.m2e.maven.runtime_3.9.900.20240824-1409\jars\maven-resolver-util-1.9.22.jar
2025-02-11 14:24:11,532 [Worker-3: Launching mavenrun-8ddda883-0dcc-4a44-9ca3-273e6e6e1bd2] INFO  o.eclipse.m2e.core.internal.Bundles - 	Entry: C:\Users\Wissen\Desktop\Basic Java\STS\sts-4.27.0.RELEASE\plugins\org.eclipse.m2e.maven.runtime_3.9.900.20240824-1409\jars\maven-settings-3.9.9.jar
2025-02-11 14:24:11,532 [Worker-3: Launching mavenrun-8ddda883-0dcc-4a44-9ca3-273e6e6e1bd2] INFO  o.eclipse.m2e.core.internal.Bundles - 	Entry: C:\Users\Wissen\Desktop\Basic Java\STS\sts-4.27.0.RELEASE\plugins\org.eclipse.m2e.maven.runtime_3.9.900.20240824-1409\jars\maven-settings-builder-3.9.9.jar
2025-02-11 14:24:11,533 [Worker-3: Launching mavenrun-8ddda883-0dcc-4a44-9ca3-273e6e6e1bd2] INFO  o.eclipse.m2e.core.internal.Bundles - 	Entry: C:\Users\Wissen\Desktop\Basic Java\STS\sts-4.27.0.RELEASE\plugins\org.eclipse.m2e.maven.runtime_3.9.900.20240824-1409\jars\maven-shared-utils-3.4.2.jar
2025-02-11 14:24:11,533 [Worker-3: Launching mavenrun-8ddda883-0dcc-4a44-9ca3-273e6e6e1bd2] INFO  o.eclipse.m2e.core.internal.Bundles - 	Entry: C:\Users\Wissen\Desktop\Basic Java\STS\sts-4.27.0.RELEASE\plugins\org.eclipse.m2e.maven.runtime_3.9.900.20240824-1409\jars\org.eclipse.sisu.inject-0.9.0.M3.jar
2025-02-11 14:24:11,533 [Worker-3: Launching mavenrun-8ddda883-0dcc-4a44-9ca3-273e6e6e1bd2] INFO  o.eclipse.m2e.core.internal.Bundles - 	Entry: C:\Users\Wissen\Desktop\Basic Java\STS\sts-4.27.0.RELEASE\plugins\org.eclipse.m2e.maven.runtime_3.9.900.20240824-1409\jars\org.eclipse.sisu.plexus-0.9.0.M3.jar
2025-02-11 14:24:11,533 [Worker-3: Launching mavenrun-8ddda883-0dcc-4a44-9ca3-273e6e6e1bd2] INFO  o.eclipse.m2e.core.internal.Bundles - 	Entry: C:\Users\Wissen\Desktop\Basic Java\STS\sts-4.27.0.RELEASE\plugins\org.eclipse.m2e.maven.runtime_3.9.900.20240824-1409\jars\plexus-build-api-0.0.7.jar
2025-02-11 14:24:11,533 [Worker-3: Launching mavenrun-8ddda883-0dcc-4a44-9ca3-273e6e6e1bd2] INFO  o.eclipse.m2e.core.internal.Bundles - 	Entry: C:\Users\Wissen\Desktop\Basic Java\STS\sts-4.27.0.RELEASE\plugins\org.eclipse.m2e.maven.runtime_3.9.900.20240824-1409\jars\plexus-build-api-1.2.0.jar
2025-02-11 14:24:11,534 [Worker-3: Launching mavenrun-8ddda883-0dcc-4a44-9ca3-273e6e6e1bd2] INFO  o.eclipse.m2e.core.internal.Bundles - 	Entry: C:\Users\Wissen\Desktop\Basic Java\STS\sts-4.27.0.RELEASE\plugins\org.eclipse.m2e.maven.runtime_3.9.900.20240824-1409\jars\plexus-cipher-2.0.jar
2025-02-11 14:24:11,534 [Worker-3: Launching mavenrun-8ddda883-0dcc-4a44-9ca3-273e6e6e1bd2] INFO  o.eclipse.m2e.core.internal.Bundles - 	Entry: C:\Users\Wissen\Desktop\Basic Java\STS\sts-4.27.0.RELEASE\plugins\org.eclipse.m2e.maven.runtime_3.9.900.20240824-1409\jars\plexus-classworlds-2.8.0.jar
2025-02-11 14:24:11,534 [Worker-3: Launching mavenrun-8ddda883-0dcc-4a44-9ca3-273e6e6e1bd2] INFO  o.eclipse.m2e.core.internal.Bundles - 	Entry: C:\Users\Wissen\Desktop\Basic Java\STS\sts-4.27.0.RELEASE\plugins\org.eclipse.m2e.maven.runtime_3.9.900.20240824-1409\jars\plexus-component-annotations-2.1.0.jar
2025-02-11 14:24:11,534 [Worker-3: Launching mavenrun-8ddda883-0dcc-4a44-9ca3-273e6e6e1bd2] INFO  o.eclipse.m2e.core.internal.Bundles - 	Entry: C:\Users\Wissen\Desktop\Basic Java\STS\sts-4.27.0.RELEASE\plugins\org.eclipse.m2e.maven.runtime_3.9.900.20240824-1409\jars\plexus-interpolation-1.27.jar
2025-02-11 14:24:11,534 [Worker-3: Launching mavenrun-8ddda883-0dcc-4a44-9ca3-273e6e6e1bd2] INFO  o.eclipse.m2e.core.internal.Bundles - 	Entry: C:\Users\Wissen\Desktop\Basic Java\STS\sts-4.27.0.RELEASE\plugins\org.eclipse.m2e.maven.runtime_3.9.900.20240824-1409\jars\plexus-sec-dispatcher-2.0.jar
2025-02-11 14:24:11,535 [Worker-3: Launching mavenrun-8ddda883-0dcc-4a44-9ca3-273e6e6e1bd2] INFO  o.eclipse.m2e.core.internal.Bundles - 	Entry: C:\Users\Wissen\Desktop\Basic Java\STS\sts-4.27.0.RELEASE\plugins\org.eclipse.m2e.maven.runtime_3.9.900.20240824-1409\jars\plexus-utils-3.5.1.jar
2025-02-11 14:24:11,535 [Worker-3: Launching mavenrun-8ddda883-0dcc-4a44-9ca3-273e6e6e1bd2] INFO  o.eclipse.m2e.core.internal.Bundles - 	Entry: C:\Users\Wissen\Desktop\Basic Java\STS\sts-4.27.0.RELEASE\plugins\org.eclipse.m2e.maven.runtime_3.9.900.20240824-1409\jars\plexus-xml-3.0.1.jar
2025-02-11 14:24:11,535 [Worker-3: Launching mavenrun-8ddda883-0dcc-4a44-9ca3-273e6e6e1bd2] INFO  o.eclipse.m2e.core.internal.Bundles - 	Entry: C:\Users\Wissen\Desktop\Basic Java\STS\sts-4.27.0.RELEASE\plugins\org.eclipse.m2e.maven.runtime_3.9.900.20240824-1409\jars\wagon-file-3.5.3.jar
2025-02-11 14:24:11,535 [Worker-3: Launching mavenrun-8ddda883-0dcc-4a44-9ca3-273e6e6e1bd2] INFO  o.eclipse.m2e.core.internal.Bundles - 	Entry: C:\Users\Wissen\Desktop\Basic Java\STS\sts-4.27.0.RELEASE\plugins\org.eclipse.m2e.maven.runtime_3.9.900.20240824-1409\jars\wagon-http-3.5.3.jar
2025-02-11 14:24:11,535 [Worker-3: Launching mavenrun-8ddda883-0dcc-4a44-9ca3-273e6e6e1bd2] INFO  o.eclipse.m2e.core.internal.Bundles - 	Entry: C:\Users\Wissen\Desktop\Basic Java\STS\sts-4.27.0.RELEASE\plugins\org.eclipse.m2e.maven.runtime_3.9.900.20240824-1409\jars\wagon-http-shared-3.5.3.jar
2025-02-11 14:24:11,535 [Worker-3: Launching mavenrun-8ddda883-0dcc-4a44-9ca3-273e6e6e1bd2] INFO  o.eclipse.m2e.core.internal.Bundles - 	Entry: C:\Users\Wissen\Desktop\Basic Java\STS\sts-4.27.0.RELEASE\plugins\org.eclipse.m2e.maven.runtime_3.9.900.20240824-1409\jars\wagon-provider-api-3.5.3.jar
2025-02-11 14:24:11,536 [Worker-3: Launching mavenrun-8ddda883-0dcc-4a44-9ca3-273e6e6e1bd2] INFO  o.eclipse.m2e.core.internal.Bundles - getClasspathEntries(Bundle=com.google.guava_33.3.1.jre [29])
2025-02-11 14:24:11,537 [Worker-3: Launching mavenrun-8ddda883-0dcc-4a44-9ca3-273e6e6e1bd2] INFO  o.eclipse.m2e.core.internal.Bundles - 	Entry: C:\Users\Wissen\Desktop\Basic Java\STS\sts-4.27.0.RELEASE\plugins\com.google.guava_33.3.1.jre.jar
2025-02-11 14:24:11,537 [Worker-3: Launching mavenrun-8ddda883-0dcc-4a44-9ca3-273e6e6e1bd2] INFO  o.eclipse.m2e.core.internal.Bundles - getClasspathEntries(Bundle=slf4j.api_2.0.16 [615])
2025-02-11 14:24:11,537 [Worker-3: Launching mavenrun-8ddda883-0dcc-4a44-9ca3-273e6e6e1bd2] INFO  o.eclipse.m2e.core.internal.Bundles - 	Entry: C:\Users\Wissen\Desktop\Basic Java\STS\sts-4.27.0.RELEASE\plugins\slf4j.api_2.0.16.jar
2025-02-11 14:24:11,537 [Worker-3: Launching mavenrun-8ddda883-0dcc-4a44-9ca3-273e6e6e1bd2] INFO  o.eclipse.m2e.core.internal.Bundles - getClasspathEntries(Bundle=jakarta.inject.jakarta.inject-api_1.0.5 [45])
2025-02-11 14:24:11,539 [Worker-3: Launching mavenrun-8ddda883-0dcc-4a44-9ca3-273e6e6e1bd2] INFO  o.eclipse.m2e.core.internal.Bundles - 	Entry: C:\Users\Wissen\Desktop\Basic Java\STS\sts-4.27.0.RELEASE\plugins\jakarta.inject.jakarta.inject-api_1.0.5.jar
2025-02-11 14:24:11,539 [Worker-3: Launching mavenrun-8ddda883-0dcc-4a44-9ca3-273e6e6e1bd2] INFO  o.eclipse.m2e.core.internal.Bundles - getClasspathEntries(Bundle=jakarta.annotation-api_1.3.5 [41])
2025-02-11 14:24:11,539 [Worker-3: Launching mavenrun-8ddda883-0dcc-4a44-9ca3-273e6e6e1bd2] INFO  o.eclipse.m2e.core.internal.Bundles - 	Entry: C:\Users\Wissen\Desktop\Basic Java\STS\sts-4.27.0.RELEASE\plugins\jakarta.annotation-api_1.3.5.jar
2025-02-11 14:24:11,539 [Worker-3: Launching mavenrun-8ddda883-0dcc-4a44-9ca3-273e6e6e1bd2] INFO  o.eclipse.m2e.core.internal.Bundles - getClasspathEntries(Bundle=org.apache.commons.cli_1.9.0 [78])
2025-02-11 14:24:11,540 [Worker-3: Launching mavenrun-8ddda883-0dcc-4a44-9ca3-273e6e6e1bd2] INFO  o.eclipse.m2e.core.internal.Bundles - 	Entry: C:\Users\Wissen\Desktop\Basic Java\STS\sts-4.27.0.RELEASE\plugins\org.apache.commons.cli_1.9.0.jar
2025-02-11 14:24:11,540 [Worker-3: Launching mavenrun-8ddda883-0dcc-4a44-9ca3-273e6e6e1bd2] INFO  o.eclipse.m2e.core.internal.Bundles - getClasspathEntries(Bundle=org.apache.commons.commons-codec_1.16.0 [81])
2025-02-11 14:24:11,540 [Worker-3: Launching mavenrun-8ddda883-0dcc-4a44-9ca3-273e6e6e1bd2] INFO  o.eclipse.m2e.core.internal.Bundles - 	Entry: C:\Users\Wissen\Desktop\Basic Java\STS\sts-4.27.0.RELEASE\plugins\org.apache.commons.commons-codec_1.16.0.jar
2025-02-11 14:24:11,540 [Worker-3: Launching mavenrun-8ddda883-0dcc-4a44-9ca3-273e6e6e1bd2] INFO  o.eclipse.m2e.core.internal.Bundles - getClasspathEntries(Bundle=com.google.guava.failureaccess_1.0.2 [30])
2025-02-11 14:24:11,541 [Worker-3: Launching mavenrun-8ddda883-0dcc-4a44-9ca3-273e6e6e1bd2] INFO  o.eclipse.m2e.core.internal.Bundles - 	Entry: C:\Users\Wissen\Desktop\Basic Java\STS\sts-4.27.0.RELEASE\plugins\com.google.guava.failureaccess_1.0.2.jar
2025-02-11 14:24:11,548 [Worker-3: Launching mavenrun-8ddda883-0dcc-4a44-9ca3-273e6e6e1bd2] INFO  o.e.m.i.launch.MavenLaunchDelegate - Run build in "C:\Users\Wissen\AppData\Local\Temp\m2e-archetypeGenerator9745408201012744484":
2025-02-11 14:24:11,551 [Worker-3: Launching mavenrun-8ddda883-0dcc-4a44-9ca3-273e6e6e1bd2] INFO  o.e.m.i.launch.MavenLaunchDelegate -  mvn  -DjavaCompilerVersion=17 -DjunitVersion=5.11.0 -DarchetypeGroupId=org.apache.maven.archetypes -DarchetypeArtifactId=maven-archetype-quickstart -DarchetypeVersion=1.5 -DgroupId=com -DartifactId=demo -Dversion=0.0.1-SNAPSHOT -Dpackage=com.demo -DoutputDirectory="C:\Users\Wissen\Desktop\Basic Java\Maven\11_02_2025" -Dstyle.color=always -U archetype:generate
2025-02-11 14:25:55,840 [Worker-4: Launching mavenrun-0bb0109d-2fb7-44d8-9d51-cb90622272cf] INFO  o.eclipse.m2e.core.internal.Bundles - getClasspathEntries(Bundle=org.eclipse.m2e.maven.runtime_3.9.900.20240824-1409 [364])
2025-02-11 14:25:55,841 [Worker-4: Launching mavenrun-0bb0109d-2fb7-44d8-9d51-cb90622272cf] INFO  o.eclipse.m2e.core.internal.Bundles - 	Entry: C:\Users\Wissen\Desktop\Basic Java\STS\sts-4.27.0.RELEASE\plugins\org.eclipse.m2e.maven.runtime_3.9.900.20240824-1409
2025-02-11 14:25:55,841 [Worker-4: Launching mavenrun-0bb0109d-2fb7-44d8-9d51-cb90622272cf] INFO  o.eclipse.m2e.core.internal.Bundles - 	Entry: C:\Users\Wissen\Desktop\Basic Java\STS\sts-4.27.0.RELEASE\plugins\org.eclipse.m2e.maven.runtime_3.9.900.20240824-1409\jars\aopalliance-1.0.jar
2025-02-11 14:25:55,842 [Worker-4: Launching mavenrun-0bb0109d-2fb7-44d8-9d51-cb90622272cf] INFO  o.eclipse.m2e.core.internal.Bundles - 	Entry: C:\Users\Wissen\Desktop\Basic Java\STS\sts-4.27.0.RELEASE\plugins\org.eclipse.m2e.maven.runtime_3.9.900.20240824-1409\jars\guice-5.1.0.jar
2025-02-11 14:25:55,842 [Worker-4: Launching mavenrun-0bb0109d-2fb7-44d8-9d51-cb90622272cf] INFO  o.eclipse.m2e.core.internal.Bundles - 	Entry: C:\Users\Wissen\Desktop\Basic Java\STS\sts-4.27.0.RELEASE\plugins\org.eclipse.m2e.maven.runtime_3.9.900.20240824-1409\jars\httpclient-4.5.14.jar
2025-02-11 14:25:55,842 [Worker-4: Launching mavenrun-0bb0109d-2fb7-44d8-9d51-cb90622272cf] INFO  o.eclipse.m2e.core.internal.Bundles - 	Entry: C:\Users\Wissen\Desktop\Basic Java\STS\sts-4.27.0.RELEASE\plugins\org.eclipse.m2e.maven.runtime_3.9.900.20240824-1409\jars\httpcore-4.4.16.jar
2025-02-11 14:25:55,842 [Worker-4: Launching mavenrun-0bb0109d-2fb7-44d8-9d51-cb90622272cf] INFO  o.eclipse.m2e.core.internal.Bundles - 	Entry: C:\Users\Wissen\Desktop\Basic Java\STS\sts-4.27.0.RELEASE\plugins\org.eclipse.m2e.maven.runtime_3.9.900.20240824-1409\jars\jansi-2.4.1.jar
2025-02-11 14:25:55,842 [Worker-4: Launching mavenrun-0bb0109d-2fb7-44d8-9d51-cb90622272cf] INFO  o.eclipse.m2e.core.internal.Bundles - 	Entry: C:\Users\Wissen\Desktop\Basic Java\STS\sts-4.27.0.RELEASE\plugins\org.eclipse.m2e.maven.runtime_3.9.900.20240824-1409\jars\jcl-over-slf4j-1.7.36.jar
2025-02-11 14:25:55,842 [Worker-4: Launching mavenrun-0bb0109d-2fb7-44d8-9d51-cb90622272cf] INFO  o.eclipse.m2e.core.internal.Bundles - 	Entry: C:\Users\Wissen\Desktop\Basic Java\STS\sts-4.27.0.RELEASE\plugins\org.eclipse.m2e.maven.runtime_3.9.900.20240824-1409\jars\maven-artifact-3.9.9.jar
2025-02-11 14:25:55,842 [Worker-4: Launching mavenrun-0bb0109d-2fb7-44d8-9d51-cb90622272cf] INFO  o.eclipse.m2e.core.internal.Bundles - 	Entry: C:\Users\Wissen\Desktop\Basic Java\STS\sts-4.27.0.RELEASE\plugins\org.eclipse.m2e.maven.runtime_3.9.900.20240824-1409\jars\maven-builder-support-3.9.9.jar
2025-02-11 14:25:55,844 [Worker-4: Launching mavenrun-0bb0109d-2fb7-44d8-9d51-cb90622272cf] INFO  o.eclipse.m2e.core.internal.Bundles - 	Entry: C:\Users\Wissen\Desktop\Basic Java\STS\sts-4.27.0.RELEASE\plugins\org.eclipse.m2e.maven.runtime_3.9.900.20240824-1409\jars\maven-compat-3.9.9.jar
2025-02-11 14:25:55,844 [Worker-4: Launching mavenrun-0bb0109d-2fb7-44d8-9d51-cb90622272cf] INFO  o.eclipse.m2e.core.internal.Bundles - 	Entry: C:\Users\Wissen\Desktop\Basic Java\STS\sts-4.27.0.RELEASE\plugins\org.eclipse.m2e.maven.runtime_3.9.900.20240824-1409\jars\maven-core-3.9.9.jar
2025-02-11 14:25:55,844 [Worker-4: Launching mavenrun-0bb0109d-2fb7-44d8-9d51-cb90622272cf] INFO  o.eclipse.m2e.core.internal.Bundles - 	Entry: C:\Users\Wissen\Desktop\Basic Java\STS\sts-4.27.0.RELEASE\plugins\org.eclipse.m2e.maven.runtime_3.9.900.20240824-1409\jars\maven-embedder-3.9.9.jar
2025-02-11 14:25:55,844 [Worker-4: Launching mavenrun-0bb0109d-2fb7-44d8-9d51-cb90622272cf] INFO  o.eclipse.m2e.core.internal.Bundles - 	Entry: C:\Users\Wissen\Desktop\Basic Java\STS\sts-4.27.0.RELEASE\plugins\org.eclipse.m2e.maven.runtime_3.9.900.20240824-1409\jars\maven-model-3.9.9.jar
2025-02-11 14:25:55,845 [Worker-4: Launching mavenrun-0bb0109d-2fb7-44d8-9d51-cb90622272cf] INFO  o.eclipse.m2e.core.internal.Bundles - 	Entry: C:\Users\Wissen\Desktop\Basic Java\STS\sts-4.27.0.RELEASE\plugins\org.eclipse.m2e.maven.runtime_3.9.900.20240824-1409\jars\maven-model-builder-3.9.9.jar
2025-02-11 14:25:55,845 [Worker-4: Launching mavenrun-0bb0109d-2fb7-44d8-9d51-cb90622272cf] INFO  o.eclipse.m2e.core.internal.Bundles - 	Entry: C:\Users\Wissen\Desktop\Basic Java\STS\sts-4.27.0.RELEASE\plugins\org.eclipse.m2e.maven.runtime_3.9.900.20240824-1409\jars\maven-plugin-api-3.9.9.jar
2025-02-11 14:25:55,845 [Worker-4: Launching mavenrun-0bb0109d-2fb7-44d8-9d51-cb90622272cf] INFO  o.eclipse.m2e.core.internal.Bundles - 	Entry: C:\Users\Wissen\Desktop\Basic Java\STS\sts-4.27.0.RELEASE\plugins\org.eclipse.m2e.maven.runtime_3.9.900.20240824-1409\jars\maven-repository-metadata-3.9.9.jar
2025-02-11 14:25:55,845 [Worker-4: Launching mavenrun-0bb0109d-2fb7-44d8-9d51-cb90622272cf] INFO  o.eclipse.m2e.core.internal.Bundles - 	Entry: C:\Users\Wissen\Desktop\Basic Java\STS\sts-4.27.0.RELEASE\plugins\org.eclipse.m2e.maven.runtime_3.9.900.20240824-1409\jars\maven-resolver-api-1.9.22.jar
2025-02-11 14:25:55,846 [Worker-4: Launching mavenrun-0bb0109d-2fb7-44d8-9d51-cb90622272cf] INFO  o.eclipse.m2e.core.internal.Bundles - 	Entry: C:\Users\Wissen\Desktop\Basic Java\STS\sts-4.27.0.RELEASE\plugins\org.eclipse.m2e.maven.runtime_3.9.900.20240824-1409\jars\maven-resolver-connector-basic-1.9.22.jar
2025-02-11 14:25:55,846 [Worker-4: Launching mavenrun-0bb0109d-2fb7-44d8-9d51-cb90622272cf] INFO  o.eclipse.m2e.core.internal.Bundles - 	Entry: C:\Users\Wissen\Desktop\Basic Java\STS\sts-4.27.0.RELEASE\plugins\org.eclipse.m2e.maven.runtime_3.9.900.20240824-1409\jars\maven-resolver-impl-1.9.22.jar
2025-02-11 14:25:55,847 [Worker-4: Launching mavenrun-0bb0109d-2fb7-44d8-9d51-cb90622272cf] INFO  o.eclipse.m2e.core.internal.Bundles - 	Entry: C:\Users\Wissen\Desktop\Basic Java\STS\sts-4.27.0.RELEASE\plugins\org.eclipse.m2e.maven.runtime_3.9.900.20240824-1409\jars\maven-resolver-named-locks-1.9.22.jar
2025-02-11 14:25:55,847 [Worker-4: Launching mavenrun-0bb0109d-2fb7-44d8-9d51-cb90622272cf] INFO  o.eclipse.m2e.core.internal.Bundles - 	Entry: C:\Users\Wissen\Desktop\Basic Java\STS\sts-4.27.0.RELEASE\plugins\org.eclipse.m2e.maven.runtime_3.9.900.20240824-1409\jars\maven-resolver-provider-3.9.9.jar
2025-02-11 14:25:55,847 [Worker-4: Launching mavenrun-0bb0109d-2fb7-44d8-9d51-cb90622272cf] INFO  o.eclipse.m2e.core.internal.Bundles - 	Entry: C:\Users\Wissen\Desktop\Basic Java\STS\sts-4.27.0.RELEASE\plugins\org.eclipse.m2e.maven.runtime_3.9.900.20240824-1409\jars\maven-resolver-spi-1.9.22.jar
2025-02-11 14:25:55,847 [Worker-4: Launching mavenrun-0bb0109d-2fb7-44d8-9d51-cb90622272cf] INFO  o.eclipse.m2e.core.internal.Bundles - 	Entry: C:\Users\Wissen\Desktop\Basic Java\STS\sts-4.27.0.RELEASE\plugins\org.eclipse.m2e.maven.runtime_3.9.900.20240824-1409\jars\maven-resolver-transport-file-1.9.22.jar
2025-02-11 14:25:55,847 [Worker-4: Launching mavenrun-0bb0109d-2fb7-44d8-9d51-cb90622272cf] INFO  o.eclipse.m2e.core.internal.Bundles - 	Entry: C:\Users\Wissen\Desktop\Basic Java\STS\sts-4.27.0.RELEASE\plugins\org.eclipse.m2e.maven.runtime_3.9.900.20240824-1409\jars\maven-resolver-transport-http-1.9.22.jar
2025-02-11 14:25:55,848 [Worker-4: Launching mavenrun-0bb0109d-2fb7-44d8-9d51-cb90622272cf] INFO  o.eclipse.m2e.core.internal.Bundles - 	Entry: C:\Users\Wissen\Desktop\Basic Java\STS\sts-4.27.0.RELEASE\plugins\org.eclipse.m2e.maven.runtime_3.9.900.20240824-1409\jars\maven-resolver-transport-wagon-1.9.22.jar
2025-02-11 14:25:55,848 [Worker-4: Launching mavenrun-0bb0109d-2fb7-44d8-9d51-cb90622272cf] INFO  o.eclipse.m2e.core.internal.Bundles - 	Entry: C:\Users\Wissen\Desktop\Basic Java\STS\sts-4.27.0.RELEASE\plugins\org.eclipse.m2e.maven.runtime_3.9.900.20240824-1409\jars\maven-resolver-util-1.9.22.jar
2025-02-11 14:25:55,848 [Worker-4: Launching mavenrun-0bb0109d-2fb7-44d8-9d51-cb90622272cf] INFO  o.eclipse.m2e.core.internal.Bundles - 	Entry: C:\Users\Wissen\Desktop\Basic Java\STS\sts-4.27.0.RELEASE\plugins\org.eclipse.m2e.maven.runtime_3.9.900.20240824-1409\jars\maven-settings-3.9.9.jar
2025-02-11 14:25:55,848 [Worker-4: Launching mavenrun-0bb0109d-2fb7-44d8-9d51-cb90622272cf] INFO  o.eclipse.m2e.core.internal.Bundles - 	Entry: C:\Users\Wissen\Desktop\Basic Java\STS\sts-4.27.0.RELEASE\plugins\org.eclipse.m2e.maven.runtime_3.9.900.20240824-1409\jars\maven-settings-builder-3.9.9.jar
2025-02-11 14:25:55,848 [Worker-4: Launching mavenrun-0bb0109d-2fb7-44d8-9d51-cb90622272cf] INFO  o.eclipse.m2e.core.internal.Bundles - 	Entry: C:\Users\Wissen\Desktop\Basic Java\STS\sts-4.27.0.RELEASE\plugins\org.eclipse.m2e.maven.runtime_3.9.900.20240824-1409\jars\maven-shared-utils-3.4.2.jar
2025-02-11 14:25:55,848 [Worker-4: Launching mavenrun-0bb0109d-2fb7-44d8-9d51-cb90622272cf] INFO  o.eclipse.m2e.core.internal.Bundles - 	Entry: C:\Users\Wissen\Desktop\Basic Java\STS\sts-4.27.0.RELEASE\plugins\org.eclipse.m2e.maven.runtime_3.9.900.20240824-1409\jars\org.eclipse.sisu.inject-0.9.0.M3.jar
2025-02-11 14:25:55,848 [Worker-4: Launching mavenrun-0bb0109d-2fb7-44d8-9d51-cb90622272cf] INFO  o.eclipse.m2e.core.internal.Bundles - 	Entry: C:\Users\Wissen\Desktop\Basic Java\STS\sts-4.27.0.RELEASE\plugins\org.eclipse.m2e.maven.runtime_3.9.900.20240824-1409\jars\org.eclipse.sisu.plexus-0.9.0.M3.jar
2025-02-11 14:25:55,849 [Worker-4: Launching mavenrun-0bb0109d-2fb7-44d8-9d51-cb90622272cf] INFO  o.eclipse.m2e.core.internal.Bundles - 	Entry: C:\Users\Wissen\Desktop\Basic Java\STS\sts-4.27.0.RELEASE\plugins\org.eclipse.m2e.maven.runtime_3.9.900.20240824-1409\jars\plexus-build-api-0.0.7.jar
2025-02-11 14:25:55,849 [Worker-4: Launching mavenrun-0bb0109d-2fb7-44d8-9d51-cb90622272cf] INFO  o.eclipse.m2e.core.internal.Bundles - 	Entry: C:\Users\Wissen\Desktop\Basic Java\STS\sts-4.27.0.RELEASE\plugins\org.eclipse.m2e.maven.runtime_3.9.900.20240824-1409\jars\plexus-build-api-1.2.0.jar
2025-02-11 14:25:55,849 [Worker-4: Launching mavenrun-0bb0109d-2fb7-44d8-9d51-cb90622272cf] INFO  o.eclipse.m2e.core.internal.Bundles - 	Entry: C:\Users\Wissen\Desktop\Basic Java\STS\sts-4.27.0.RELEASE\plugins\org.eclipse.m2e.maven.runtime_3.9.900.20240824-1409\jars\plexus-cipher-2.0.jar
2025-02-11 14:25:55,849 [Worker-4: Launching mavenrun-0bb0109d-2fb7-44d8-9d51-cb90622272cf] INFO  o.eclipse.m2e.core.internal.Bundles - 	Entry: C:\Users\Wissen\Desktop\Basic Java\STS\sts-4.27.0.RELEASE\plugins\org.eclipse.m2e.maven.runtime_3.9.900.20240824-1409\jars\plexus-classworlds-2.8.0.jar
2025-02-11 14:25:55,850 [Worker-4: Launching mavenrun-0bb0109d-2fb7-44d8-9d51-cb90622272cf] INFO  o.eclipse.m2e.core.internal.Bundles - 	Entry: C:\Users\Wissen\Desktop\Basic Java\STS\sts-4.27.0.RELEASE\plugins\org.eclipse.m2e.maven.runtime_3.9.900.20240824-1409\jars\plexus-component-annotations-2.1.0.jar
2025-02-11 14:25:55,850 [Worker-4: Launching mavenrun-0bb0109d-2fb7-44d8-9d51-cb90622272cf] INFO  o.eclipse.m2e.core.internal.Bundles - 	Entry: C:\Users\Wissen\Desktop\Basic Java\STS\sts-4.27.0.RELEASE\plugins\org.eclipse.m2e.maven.runtime_3.9.900.20240824-1409\jars\plexus-interpolation-1.27.jar
2025-02-11 14:25:55,850 [Worker-4: Launching mavenrun-0bb0109d-2fb7-44d8-9d51-cb90622272cf] INFO  o.eclipse.m2e.core.internal.Bundles - 	Entry: C:\Users\Wissen\Desktop\Basic Java\STS\sts-4.27.0.RELEASE\plugins\org.eclipse.m2e.maven.runtime_3.9.900.20240824-1409\jars\plexus-sec-dispatcher-2.0.jar
2025-02-11 14:25:55,850 [Worker-4: Launching mavenrun-0bb0109d-2fb7-44d8-9d51-cb90622272cf] INFO  o.eclipse.m2e.core.internal.Bundles - 	Entry: C:\Users\Wissen\Desktop\Basic Java\STS\sts-4.27.0.RELEASE\plugins\org.eclipse.m2e.maven.runtime_3.9.900.20240824-1409\jars\plexus-utils-3.5.1.jar
2025-02-11 14:25:55,851 [Worker-4: Launching mavenrun-0bb0109d-2fb7-44d8-9d51-cb90622272cf] INFO  o.eclipse.m2e.core.internal.Bundles - 	Entry: C:\Users\Wissen\Desktop\Basic Java\STS\sts-4.27.0.RELEASE\plugins\org.eclipse.m2e.maven.runtime_3.9.900.20240824-1409\jars\plexus-xml-3.0.1.jar
2025-02-11 14:25:55,851 [Worker-4: Launching mavenrun-0bb0109d-2fb7-44d8-9d51-cb90622272cf] INFO  o.eclipse.m2e.core.internal.Bundles - 	Entry: C:\Users\Wissen\Desktop\Basic Java\STS\sts-4.27.0.RELEASE\plugins\org.eclipse.m2e.maven.runtime_3.9.900.20240824-1409\jars\wagon-file-3.5.3.jar
2025-02-11 14:25:55,851 [Worker-4: Launching mavenrun-0bb0109d-2fb7-44d8-9d51-cb90622272cf] INFO  o.eclipse.m2e.core.internal.Bundles - 	Entry: C:\Users\Wissen\Desktop\Basic Java\STS\sts-4.27.0.RELEASE\plugins\org.eclipse.m2e.maven.runtime_3.9.900.20240824-1409\jars\wagon-http-3.5.3.jar
2025-02-11 14:25:55,851 [Worker-4: Launching mavenrun-0bb0109d-2fb7-44d8-9d51-cb90622272cf] INFO  o.eclipse.m2e.core.internal.Bundles - 	Entry: C:\Users\Wissen\Desktop\Basic Java\STS\sts-4.27.0.RELEASE\plugins\org.eclipse.m2e.maven.runtime_3.9.900.20240824-1409\jars\wagon-http-shared-3.5.3.jar
2025-02-11 14:25:55,851 [Worker-4: Launching mavenrun-0bb0109d-2fb7-44d8-9d51-cb90622272cf] INFO  o.eclipse.m2e.core.internal.Bundles - 	Entry: C:\Users\Wissen\Desktop\Basic Java\STS\sts-4.27.0.RELEASE\plugins\org.eclipse.m2e.maven.runtime_3.9.900.20240824-1409\jars\wagon-provider-api-3.5.3.jar
2025-02-11 14:25:55,852 [Worker-4: Launching mavenrun-0bb0109d-2fb7-44d8-9d51-cb90622272cf] INFO  o.eclipse.m2e.core.internal.Bundles - getClasspathEntries(Bundle=com.google.guava_33.3.1.jre [29])
2025-02-11 14:25:55,853 [Worker-4: Launching mavenrun-0bb0109d-2fb7-44d8-9d51-cb90622272cf] INFO  o.eclipse.m2e.core.internal.Bundles - 	Entry: C:\Users\Wissen\Desktop\Basic Java\STS\sts-4.27.0.RELEASE\plugins\com.google.guava_33.3.1.jre.jar
2025-02-11 14:25:55,853 [Worker-4: Launching mavenrun-0bb0109d-2fb7-44d8-9d51-cb90622272cf] INFO  o.eclipse.m2e.core.internal.Bundles - getClasspathEntries(Bundle=slf4j.api_2.0.16 [615])
2025-02-11 14:25:55,854 [Worker-4: Launching mavenrun-0bb0109d-2fb7-44d8-9d51-cb90622272cf] INFO  o.eclipse.m2e.core.internal.Bundles - 	Entry: C:\Users\Wissen\Desktop\Basic Java\STS\sts-4.27.0.RELEASE\plugins\slf4j.api_2.0.16.jar
2025-02-11 14:25:55,854 [Worker-4: Launching mavenrun-0bb0109d-2fb7-44d8-9d51-cb90622272cf] INFO  o.eclipse.m2e.core.internal.Bundles - getClasspathEntries(Bundle=jakarta.inject.jakarta.inject-api_1.0.5 [45])
2025-02-11 14:25:55,854 [Worker-4: Launching mavenrun-0bb0109d-2fb7-44d8-9d51-cb90622272cf] INFO  o.eclipse.m2e.core.internal.Bundles - 	Entry: C:\Users\Wissen\Desktop\Basic Java\STS\sts-4.27.0.RELEASE\plugins\jakarta.inject.jakarta.inject-api_1.0.5.jar
2025-02-11 14:25:55,854 [Worker-4: Launching mavenrun-0bb0109d-2fb7-44d8-9d51-cb90622272cf] INFO  o.eclipse.m2e.core.internal.Bundles - getClasspathEntries(Bundle=jakarta.annotation-api_1.3.5 [41])
2025-02-11 14:25:55,856 [Worker-4: Launching mavenrun-0bb0109d-2fb7-44d8-9d51-cb90622272cf] INFO  o.eclipse.m2e.core.internal.Bundles - 	Entry: C:\Users\Wissen\Desktop\Basic Java\STS\sts-4.27.0.RELEASE\plugins\jakarta.annotation-api_1.3.5.jar
2025-02-11 14:25:55,856 [Worker-4: Launching mavenrun-0bb0109d-2fb7-44d8-9d51-cb90622272cf] INFO  o.eclipse.m2e.core.internal.Bundles - getClasspathEntries(Bundle=org.apache.commons.cli_1.9.0 [78])
2025-02-11 14:25:55,857 [Worker-4: Launching mavenrun-0bb0109d-2fb7-44d8-9d51-cb90622272cf] INFO  o.eclipse.m2e.core.internal.Bundles - 	Entry: C:\Users\Wissen\Desktop\Basic Java\STS\sts-4.27.0.RELEASE\plugins\org.apache.commons.cli_1.9.0.jar
2025-02-11 14:25:55,857 [Worker-4: Launching mavenrun-0bb0109d-2fb7-44d8-9d51-cb90622272cf] INFO  o.eclipse.m2e.core.internal.Bundles - getClasspathEntries(Bundle=org.apache.commons.commons-codec_1.16.0 [81])
2025-02-11 14:25:55,858 [Worker-4: Launching mavenrun-0bb0109d-2fb7-44d8-9d51-cb90622272cf] INFO  o.eclipse.m2e.core.internal.Bundles - 	Entry: C:\Users\Wissen\Desktop\Basic Java\STS\sts-4.27.0.RELEASE\plugins\org.apache.commons.commons-codec_1.16.0.jar
2025-02-11 14:25:55,858 [Worker-4: Launching mavenrun-0bb0109d-2fb7-44d8-9d51-cb90622272cf] INFO  o.eclipse.m2e.core.internal.Bundles - getClasspathEntries(Bundle=com.google.guava.failureaccess_1.0.2 [30])
2025-02-11 14:25:55,859 [Worker-4: Launching mavenrun-0bb0109d-2fb7-44d8-9d51-cb90622272cf] INFO  o.eclipse.m2e.core.internal.Bundles - 	Entry: C:\Users\Wissen\Desktop\Basic Java\STS\sts-4.27.0.RELEASE\plugins\com.google.guava.failureaccess_1.0.2.jar
2025-02-11 14:25:55,862 [Worker-4: Launching mavenrun-0bb0109d-2fb7-44d8-9d51-cb90622272cf] INFO  o.e.m.i.launch.MavenLaunchDelegate - Run build in "C:\Users\Wissen\AppData\Local\Temp\m2e-archetypeGenerator2568859276566320153":
2025-02-11 14:25:55,863 [Worker-4: Launching mavenrun-0bb0109d-2fb7-44d8-9d51-cb90622272cf] INFO  o.e.m.i.launch.MavenLaunchDelegate -  mvn  -DjavaCompilerVersion=17 -DjunitVersion=5.11.0 -DarchetypeGroupId=org.apache.maven.archetypes -DarchetypeArtifactId=maven-archetype-quickstart -DarchetypeVersion=1.5 -DgroupId=com -DartifactId=demo2 -Dversion=0.0.1-SNAPSHOT -Dpackage=com -DoutputDirectory="C:\Users\Wissen\Desktop\Basic Java\Maven\11_02_2025" -Dstyle.color=always -U archetype:generate
2025-02-11 14:27:47,838 [Worker-9: Launching mavenrun-ebd8e529-0bfd-45fa-b2ef-d1f5563bff45] INFO  o.eclipse.m2e.core.internal.Bundles - getClasspathEntries(Bundle=org.eclipse.m2e.maven.runtime_3.9.900.20240824-1409 [364])
2025-02-11 14:27:47,840 [Worker-9: Launching mavenrun-ebd8e529-0bfd-45fa-b2ef-d1f5563bff45] INFO  o.eclipse.m2e.core.internal.Bundles - 	Entry: C:\Users\Wissen\Desktop\Basic Java\STS\sts-4.27.0.RELEASE\plugins\org.eclipse.m2e.maven.runtime_3.9.900.20240824-1409
2025-02-11 14:27:47,840 [Worker-9: Launching mavenrun-ebd8e529-0bfd-45fa-b2ef-d1f5563bff45] INFO  o.eclipse.m2e.core.internal.Bundles - 	Entry: C:\Users\Wissen\Desktop\Basic Java\STS\sts-4.27.0.RELEASE\plugins\org.eclipse.m2e.maven.runtime_3.9.900.20240824-1409\jars\aopalliance-1.0.jar
2025-02-11 14:27:47,840 [Worker-9: Launching mavenrun-ebd8e529-0bfd-45fa-b2ef-d1f5563bff45] INFO  o.eclipse.m2e.core.internal.Bundles - 	Entry: C:\Users\Wissen\Desktop\Basic Java\STS\sts-4.27.0.RELEASE\plugins\org.eclipse.m2e.maven.runtime_3.9.900.20240824-1409\jars\guice-5.1.0.jar
2025-02-11 14:27:47,841 [Worker-9: Launching mavenrun-ebd8e529-0bfd-45fa-b2ef-d1f5563bff45] INFO  o.eclipse.m2e.core.internal.Bundles - 	Entry: C:\Users\Wissen\Desktop\Basic Java\STS\sts-4.27.0.RELEASE\plugins\org.eclipse.m2e.maven.runtime_3.9.900.20240824-1409\jars\httpclient-4.5.14.jar
2025-02-11 14:27:47,841 [Worker-9: Launching mavenrun-ebd8e529-0bfd-45fa-b2ef-d1f5563bff45] INFO  o.eclipse.m2e.core.internal.Bundles - 	Entry: C:\Users\Wissen\Desktop\Basic Java\STS\sts-4.27.0.RELEASE\plugins\org.eclipse.m2e.maven.runtime_3.9.900.20240824-1409\jars\httpcore-4.4.16.jar
2025-02-11 14:27:47,841 [Worker-9: Launching mavenrun-ebd8e529-0bfd-45fa-b2ef-d1f5563bff45] INFO  o.eclipse.m2e.core.internal.Bundles - 	Entry: C:\Users\Wissen\Desktop\Basic Java\STS\sts-4.27.0.RELEASE\plugins\org.eclipse.m2e.maven.runtime_3.9.900.20240824-1409\jars\jansi-2.4.1.jar
2025-02-11 14:27:47,841 [Worker-9: Launching mavenrun-ebd8e529-0bfd-45fa-b2ef-d1f5563bff45] INFO  o.eclipse.m2e.core.internal.Bundles - 	Entry: C:\Users\Wissen\Desktop\Basic Java\STS\sts-4.27.0.RELEASE\plugins\org.eclipse.m2e.maven.runtime_3.9.900.20240824-1409\jars\jcl-over-slf4j-1.7.36.jar
2025-02-11 14:27:47,841 [Worker-9: Launching mavenrun-ebd8e529-0bfd-45fa-b2ef-d1f5563bff45] INFO  o.eclipse.m2e.core.internal.Bundles - 	Entry: C:\Users\Wissen\Desktop\Basic Java\STS\sts-4.27.0.RELEASE\plugins\org.eclipse.m2e.maven.runtime_3.9.900.20240824-1409\jars\maven-artifact-3.9.9.jar
2025-02-11 14:27:47,841 [Worker-9: Launching mavenrun-ebd8e529-0bfd-45fa-b2ef-d1f5563bff45] INFO  o.eclipse.m2e.core.internal.Bundles - 	Entry: C:\Users\Wissen\Desktop\Basic Java\STS\sts-4.27.0.RELEASE\plugins\org.eclipse.m2e.maven.runtime_3.9.900.20240824-1409\jars\maven-builder-support-3.9.9.jar
2025-02-11 14:27:47,841 [Worker-9: Launching mavenrun-ebd8e529-0bfd-45fa-b2ef-d1f5563bff45] INFO  o.eclipse.m2e.core.internal.Bundles - 	Entry: C:\Users\Wissen\Desktop\Basic Java\STS\sts-4.27.0.RELEASE\plugins\org.eclipse.m2e.maven.runtime_3.9.900.20240824-1409\jars\maven-compat-3.9.9.jar
2025-02-11 14:27:47,841 [Worker-9: Launching mavenrun-ebd8e529-0bfd-45fa-b2ef-d1f5563bff45] INFO  o.eclipse.m2e.core.internal.Bundles - 	Entry: C:\Users\Wissen\Desktop\Basic Java\STS\sts-4.27.0.RELEASE\plugins\org.eclipse.m2e.maven.runtime_3.9.900.20240824-1409\jars\maven-core-3.9.9.jar
2025-02-11 14:27:47,842 [Worker-9: Launching mavenrun-ebd8e529-0bfd-45fa-b2ef-d1f5563bff45] INFO  o.eclipse.m2e.core.internal.Bundles - 	Entry: C:\Users\Wissen\Desktop\Basic Java\STS\sts-4.27.0.RELEASE\plugins\org.eclipse.m2e.maven.runtime_3.9.900.20240824-1409\jars\maven-embedder-3.9.9.jar
2025-02-11 14:27:47,842 [Worker-9: Launching mavenrun-ebd8e529-0bfd-45fa-b2ef-d1f5563bff45] INFO  o.eclipse.m2e.core.internal.Bundles - 	Entry: C:\Users\Wissen\Desktop\Basic Java\STS\sts-4.27.0.RELEASE\plugins\org.eclipse.m2e.maven.runtime_3.9.900.20240824-1409\jars\maven-model-3.9.9.jar
2025-02-11 14:27:47,842 [Worker-9: Launching mavenrun-ebd8e529-0bfd-45fa-b2ef-d1f5563bff45] INFO  o.eclipse.m2e.core.internal.Bundles - 	Entry: C:\Users\Wissen\Desktop\Basic Java\STS\sts-4.27.0.RELEASE\plugins\org.eclipse.m2e.maven.runtime_3.9.900.20240824-1409\jars\maven-model-builder-3.9.9.jar
2025-02-11 14:27:47,842 [Worker-9: Launching mavenrun-ebd8e529-0bfd-45fa-b2ef-d1f5563bff45] INFO  o.eclipse.m2e.core.internal.Bundles - 	Entry: C:\Users\Wissen\Desktop\Basic Java\STS\sts-4.27.0.RELEASE\plugins\org.eclipse.m2e.maven.runtime_3.9.900.20240824-1409\jars\maven-plugin-api-3.9.9.jar
2025-02-11 14:27:47,842 [Worker-9: Launching mavenrun-ebd8e529-0bfd-45fa-b2ef-d1f5563bff45] INFO  o.eclipse.m2e.core.internal.Bundles - 	Entry: C:\Users\Wissen\Desktop\Basic Java\STS\sts-4.27.0.RELEASE\plugins\org.eclipse.m2e.maven.runtime_3.9.900.20240824-1409\jars\maven-repository-metadata-3.9.9.jar
2025-02-11 14:27:47,842 [Worker-9: Launching mavenrun-ebd8e529-0bfd-45fa-b2ef-d1f5563bff45] INFO  o.eclipse.m2e.core.internal.Bundles - 	Entry: C:\Users\Wissen\Desktop\Basic Java\STS\sts-4.27.0.RELEASE\plugins\org.eclipse.m2e.maven.runtime_3.9.900.20240824-1409\jars\maven-resolver-api-1.9.22.jar
2025-02-11 14:27:47,842 [Worker-9: Launching mavenrun-ebd8e529-0bfd-45fa-b2ef-d1f5563bff45] INFO  o.eclipse.m2e.core.internal.Bundles - 	Entry: C:\Users\Wissen\Desktop\Basic Java\STS\sts-4.27.0.RELEASE\plugins\org.eclipse.m2e.maven.runtime_3.9.900.20240824-1409\jars\maven-resolver-connector-basic-1.9.22.jar
2025-02-11 14:27:47,842 [Worker-9: Launching mavenrun-ebd8e529-0bfd-45fa-b2ef-d1f5563bff45] INFO  o.eclipse.m2e.core.internal.Bundles - 	Entry: C:\Users\Wissen\Desktop\Basic Java\STS\sts-4.27.0.RELEASE\plugins\org.eclipse.m2e.maven.runtime_3.9.900.20240824-1409\jars\maven-resolver-impl-1.9.22.jar
2025-02-11 14:27:47,844 [Worker-9: Launching mavenrun-ebd8e529-0bfd-45fa-b2ef-d1f5563bff45] INFO  o.eclipse.m2e.core.internal.Bundles - 	Entry: C:\Users\Wissen\Desktop\Basic Java\STS\sts-4.27.0.RELEASE\plugins\org.eclipse.m2e.maven.runtime_3.9.900.20240824-1409\jars\maven-resolver-named-locks-1.9.22.jar
2025-02-11 14:27:47,844 [Worker-9: Launching mavenrun-ebd8e529-0bfd-45fa-b2ef-d1f5563bff45] INFO  o.eclipse.m2e.core.internal.Bundles - 	Entry: C:\Users\Wissen\Desktop\Basic Java\STS\sts-4.27.0.RELEASE\plugins\org.eclipse.m2e.maven.runtime_3.9.900.20240824-1409\jars\maven-resolver-provider-3.9.9.jar
2025-02-11 14:27:47,844 [Worker-9: Launching mavenrun-ebd8e529-0bfd-45fa-b2ef-d1f5563bff45] INFO  o.eclipse.m2e.core.internal.Bundles - 	Entry: C:\Users\Wissen\Desktop\Basic Java\STS\sts-4.27.0.RELEASE\plugins\org.eclipse.m2e.maven.runtime_3.9.900.20240824-1409\jars\maven-resolver-spi-1.9.22.jar
2025-02-11 14:27:47,845 [Worker-9: Launching mavenrun-ebd8e529-0bfd-45fa-b2ef-d1f5563bff45] INFO  o.eclipse.m2e.core.internal.Bundles - 	Entry: C:\Users\Wissen\Desktop\Basic Java\STS\sts-4.27.0.RELEASE\plugins\org.eclipse.m2e.maven.runtime_3.9.900.20240824-1409\jars\maven-resolver-transport-file-1.9.22.jar
2025-02-11 14:27:47,845 [Worker-9: Launching mavenrun-ebd8e529-0bfd-45fa-b2ef-d1f5563bff45] INFO  o.eclipse.m2e.core.internal.Bundles - 	Entry: C:\Users\Wissen\Desktop\Basic Java\STS\sts-4.27.0.RELEASE\plugins\org.eclipse.m2e.maven.runtime_3.9.900.20240824-1409\jars\maven-resolver-transport-http-1.9.22.jar
2025-02-11 14:27:47,845 [Worker-9: Launching mavenrun-ebd8e529-0bfd-45fa-b2ef-d1f5563bff45] INFO  o.eclipse.m2e.core.internal.Bundles - 	Entry: C:\Users\Wissen\Desktop\Basic Java\STS\sts-4.27.0.RELEASE\plugins\org.eclipse.m2e.maven.runtime_3.9.900.20240824-1409\jars\maven-resolver-transport-wagon-1.9.22.jar
2025-02-11 14:27:47,845 [Worker-9: Launching mavenrun-ebd8e529-0bfd-45fa-b2ef-d1f5563bff45] INFO  o.eclipse.m2e.core.internal.Bundles - 	Entry: C:\Users\Wissen\Desktop\Basic Java\STS\sts-4.27.0.RELEASE\plugins\org.eclipse.m2e.maven.runtime_3.9.900.20240824-1409\jars\maven-resolver-util-1.9.22.jar
2025-02-11 14:27:47,845 [Worker-9: Launching mavenrun-ebd8e529-0bfd-45fa-b2ef-d1f5563bff45] INFO  o.eclipse.m2e.core.internal.Bundles - 	Entry: C:\Users\Wissen\Desktop\Basic Java\STS\sts-4.27.0.RELEASE\plugins\org.eclipse.m2e.maven.runtime_3.9.900.20240824-1409\jars\maven-settings-3.9.9.jar
2025-02-11 14:27:47,846 [Worker-9: Launching mavenrun-ebd8e529-0bfd-45fa-b2ef-d1f5563bff45] INFO  o.eclipse.m2e.core.internal.Bundles - 	Entry: C:\Users\Wissen\Desktop\Basic Java\STS\sts-4.27.0.RELEASE\plugins\org.eclipse.m2e.maven.runtime_3.9.900.20240824-1409\jars\maven-settings-builder-3.9.9.jar
2025-02-11 14:27:47,846 [Worker-9: Launching mavenrun-ebd8e529-0bfd-45fa-b2ef-d1f5563bff45] INFO  o.eclipse.m2e.core.internal.Bundles - 	Entry: C:\Users\Wissen\Desktop\Basic Java\STS\sts-4.27.0.RELEASE\plugins\org.eclipse.m2e.maven.runtime_3.9.900.20240824-1409\jars\maven-shared-utils-3.4.2.jar
2025-02-11 14:27:47,846 [Worker-9: Launching mavenrun-ebd8e529-0bfd-45fa-b2ef-d1f5563bff45] INFO  o.eclipse.m2e.core.internal.Bundles - 	Entry: C:\Users\Wissen\Desktop\Basic Java\STS\sts-4.27.0.RELEASE\plugins\org.eclipse.m2e.maven.runtime_3.9.900.20240824-1409\jars\org.eclipse.sisu.inject-0.9.0.M3.jar
2025-02-11 14:27:47,846 [Worker-9: Launching mavenrun-ebd8e529-0bfd-45fa-b2ef-d1f5563bff45] INFO  o.eclipse.m2e.core.internal.Bundles - 	Entry: C:\Users\Wissen\Desktop\Basic Java\STS\sts-4.27.0.RELEASE\plugins\org.eclipse.m2e.maven.runtime_3.9.900.20240824-1409\jars\org.eclipse.sisu.plexus-0.9.0.M3.jar
2025-02-11 14:27:47,846 [Worker-9: Launching mavenrun-ebd8e529-0bfd-45fa-b2ef-d1f5563bff45] INFO  o.eclipse.m2e.core.internal.Bundles - 	Entry: C:\Users\Wissen\Desktop\Basic Java\STS\sts-4.27.0.RELEASE\plugins\org.eclipse.m2e.maven.runtime_3.9.900.20240824-1409\jars\plexus-build-api-0.0.7.jar
2025-02-11 14:27:47,846 [Worker-9: Launching mavenrun-ebd8e529-0bfd-45fa-b2ef-d1f5563bff45] INFO  o.eclipse.m2e.core.internal.Bundles - 	Entry: C:\Users\Wissen\Desktop\Basic Java\STS\sts-4.27.0.RELEASE\plugins\org.eclipse.m2e.maven.runtime_3.9.900.20240824-1409\jars\plexus-build-api-1.2.0.jar
2025-02-11 14:27:47,847 [Worker-9: Launching mavenrun-ebd8e529-0bfd-45fa-b2ef-d1f5563bff45] INFO  o.eclipse.m2e.core.internal.Bundles - 	Entry: C:\Users\Wissen\Desktop\Basic Java\STS\sts-4.27.0.RELEASE\plugins\org.eclipse.m2e.maven.runtime_3.9.900.20240824-1409\jars\plexus-cipher-2.0.jar
2025-02-11 14:27:47,847 [Worker-9: Launching mavenrun-ebd8e529-0bfd-45fa-b2ef-d1f5563bff45] INFO  o.eclipse.m2e.core.internal.Bundles - 	Entry: C:\Users\Wissen\Desktop\Basic Java\STS\sts-4.27.0.RELEASE\plugins\org.eclipse.m2e.maven.runtime_3.9.900.20240824-1409\jars\plexus-classworlds-2.8.0.jar
2025-02-11 14:27:47,847 [Worker-9: Launching mavenrun-ebd8e529-0bfd-45fa-b2ef-d1f5563bff45] INFO  o.eclipse.m2e.core.internal.Bundles - 	Entry: C:\Users\Wissen\Desktop\Basic Java\STS\sts-4.27.0.RELEASE\plugins\org.eclipse.m2e.maven.runtime_3.9.900.20240824-1409\jars\plexus-component-annotations-2.1.0.jar
2025-02-11 14:27:47,847 [Worker-9: Launching mavenrun-ebd8e529-0bfd-45fa-b2ef-d1f5563bff45] INFO  o.eclipse.m2e.core.internal.Bundles - 	Entry: C:\Users\Wissen\Desktop\Basic Java\STS\sts-4.27.0.RELEASE\plugins\org.eclipse.m2e.maven.runtime_3.9.900.20240824-1409\jars\plexus-interpolation-1.27.jar
2025-02-11 14:27:47,847 [Worker-9: Launching mavenrun-ebd8e529-0bfd-45fa-b2ef-d1f5563bff45] INFO  o.eclipse.m2e.core.internal.Bundles - 	Entry: C:\Users\Wissen\Desktop\Basic Java\STS\sts-4.27.0.RELEASE\plugins\org.eclipse.m2e.maven.runtime_3.9.900.20240824-1409\jars\plexus-sec-dispatcher-2.0.jar
2025-02-11 14:27:47,847 [Worker-9: Launching mavenrun-ebd8e529-0bfd-45fa-b2ef-d1f5563bff45] INFO  o.eclipse.m2e.core.internal.Bundles - 	Entry: C:\Users\Wissen\Desktop\Basic Java\STS\sts-4.27.0.RELEASE\plugins\org.eclipse.m2e.maven.runtime_3.9.900.20240824-1409\jars\plexus-utils-3.5.1.jar
2025-02-11 14:27:47,847 [Worker-9: Launching mavenrun-ebd8e529-0bfd-45fa-b2ef-d1f5563bff45] INFO  o.eclipse.m2e.core.internal.Bundles - 	Entry: C:\Users\Wissen\Desktop\Basic Java\STS\sts-4.27.0.RELEASE\plugins\org.eclipse.m2e.maven.runtime_3.9.900.20240824-1409\jars\plexus-xml-3.0.1.jar
2025-02-11 14:27:47,849 [Worker-9: Launching mavenrun-ebd8e529-0bfd-45fa-b2ef-d1f5563bff45] INFO  o.eclipse.m2e.core.internal.Bundles - 	Entry: C:\Users\Wissen\Desktop\Basic Java\STS\sts-4.27.0.RELEASE\plugins\org.eclipse.m2e.maven.runtime_3.9.900.20240824-1409\jars\wagon-file-3.5.3.jar
2025-02-11 14:27:47,849 [Worker-9: Launching mavenrun-ebd8e529-0bfd-45fa-b2ef-d1f5563bff45] INFO  o.eclipse.m2e.core.internal.Bundles - 	Entry: C:\Users\Wissen\Desktop\Basic Java\STS\sts-4.27.0.RELEASE\plugins\org.eclipse.m2e.maven.runtime_3.9.900.20240824-1409\jars\wagon-http-3.5.3.jar
2025-02-11 14:27:47,849 [Worker-9: Launching mavenrun-ebd8e529-0bfd-45fa-b2ef-d1f5563bff45] INFO  o.eclipse.m2e.core.internal.Bundles - 	Entry: C:\Users\Wissen\Desktop\Basic Java\STS\sts-4.27.0.RELEASE\plugins\org.eclipse.m2e.maven.runtime_3.9.900.20240824-1409\jars\wagon-http-shared-3.5.3.jar
2025-02-11 14:27:47,849 [Worker-9: Launching mavenrun-ebd8e529-0bfd-45fa-b2ef-d1f5563bff45] INFO  o.eclipse.m2e.core.internal.Bundles - 	Entry: C:\Users\Wissen\Desktop\Basic Java\STS\sts-4.27.0.RELEASE\plugins\org.eclipse.m2e.maven.runtime_3.9.900.20240824-1409\jars\wagon-provider-api-3.5.3.jar
2025-02-11 14:27:47,850 [Worker-9: Launching mavenrun-ebd8e529-0bfd-45fa-b2ef-d1f5563bff45] INFO  o.eclipse.m2e.core.internal.Bundles - getClasspathEntries(Bundle=com.google.guava_33.3.1.jre [29])
2025-02-11 14:27:47,850 [Worker-9: Launching mavenrun-ebd8e529-0bfd-45fa-b2ef-d1f5563bff45] INFO  o.eclipse.m2e.core.internal.Bundles - 	Entry: C:\Users\Wissen\Desktop\Basic Java\STS\sts-4.27.0.RELEASE\plugins\com.google.guava_33.3.1.jre.jar
2025-02-11 14:27:47,850 [Worker-9: Launching mavenrun-ebd8e529-0bfd-45fa-b2ef-d1f5563bff45] INFO  o.eclipse.m2e.core.internal.Bundles - getClasspathEntries(Bundle=slf4j.api_2.0.16 [615])
2025-02-11 14:27:47,851 [Worker-9: Launching mavenrun-ebd8e529-0bfd-45fa-b2ef-d1f5563bff45] INFO  o.eclipse.m2e.core.internal.Bundles - 	Entry: C:\Users\Wissen\Desktop\Basic Java\STS\sts-4.27.0.RELEASE\plugins\slf4j.api_2.0.16.jar
2025-02-11 14:27:47,851 [Worker-9: Launching mavenrun-ebd8e529-0bfd-45fa-b2ef-d1f5563bff45] INFO  o.eclipse.m2e.core.internal.Bundles - getClasspathEntries(Bundle=jakarta.inject.jakarta.inject-api_1.0.5 [45])
2025-02-11 14:27:47,851 [Worker-9: Launching mavenrun-ebd8e529-0bfd-45fa-b2ef-d1f5563bff45] INFO  o.eclipse.m2e.core.internal.Bundles - 	Entry: C:\Users\Wissen\Desktop\Basic Java\STS\sts-4.27.0.RELEASE\plugins\jakarta.inject.jakarta.inject-api_1.0.5.jar
2025-02-11 14:27:47,851 [Worker-9: Launching mavenrun-ebd8e529-0bfd-45fa-b2ef-d1f5563bff45] INFO  o.eclipse.m2e.core.internal.Bundles - getClasspathEntries(Bundle=jakarta.annotation-api_1.3.5 [41])
2025-02-11 14:27:47,852 [Worker-9: Launching mavenrun-ebd8e529-0bfd-45fa-b2ef-d1f5563bff45] INFO  o.eclipse.m2e.core.internal.Bundles - 	Entry: C:\Users\Wissen\Desktop\Basic Java\STS\sts-4.27.0.RELEASE\plugins\jakarta.annotation-api_1.3.5.jar
2025-02-11 14:27:47,852 [Worker-9: Launching mavenrun-ebd8e529-0bfd-45fa-b2ef-d1f5563bff45] INFO  o.eclipse.m2e.core.internal.Bundles - getClasspathEntries(Bundle=org.apache.commons.cli_1.9.0 [78])
2025-02-11 14:27:47,852 [Worker-9: Launching mavenrun-ebd8e529-0bfd-45fa-b2ef-d1f5563bff45] INFO  o.eclipse.m2e.core.internal.Bundles - 	Entry: C:\Users\Wissen\Desktop\Basic Java\STS\sts-4.27.0.RELEASE\plugins\org.apache.commons.cli_1.9.0.jar
2025-02-11 14:27:47,852 [Worker-9: Launching mavenrun-ebd8e529-0bfd-45fa-b2ef-d1f5563bff45] INFO  o.eclipse.m2e.core.internal.Bundles - getClasspathEntries(Bundle=org.apache.commons.commons-codec_1.16.0 [81])
2025-02-11 14:27:47,854 [Worker-9: Launching mavenrun-ebd8e529-0bfd-45fa-b2ef-d1f5563bff45] INFO  o.eclipse.m2e.core.internal.Bundles - 	Entry: C:\Users\Wissen\Desktop\Basic Java\STS\sts-4.27.0.RELEASE\plugins\org.apache.commons.commons-codec_1.16.0.jar
2025-02-11 14:27:47,854 [Worker-9: Launching mavenrun-ebd8e529-0bfd-45fa-b2ef-d1f5563bff45] INFO  o.eclipse.m2e.core.internal.Bundles - getClasspathEntries(Bundle=com.google.guava.failureaccess_1.0.2 [30])
2025-02-11 14:27:47,855 [Worker-9: Launching mavenrun-ebd8e529-0bfd-45fa-b2ef-d1f5563bff45] INFO  o.eclipse.m2e.core.internal.Bundles - 	Entry: C:\Users\Wissen\Desktop\Basic Java\STS\sts-4.27.0.RELEASE\plugins\com.google.guava.failureaccess_1.0.2.jar
2025-02-11 14:27:47,857 [Worker-9: Launching mavenrun-ebd8e529-0bfd-45fa-b2ef-d1f5563bff45] INFO  o.e.m.i.launch.MavenLaunchDelegate - Run build in "C:\Users\Wissen\AppData\Local\Temp\m2e-archetypeGenerator3804762470494625592":
2025-02-11 14:27:47,857 [Worker-9: Launching mavenrun-ebd8e529-0bfd-45fa-b2ef-d1f5563bff45] INFO  o.e.m.i.launch.MavenLaunchDelegate -  mvn  -DjavaCompilerVersion=17 -DjunitVersion=5.11.0 -DarchetypeGroupId=org.apache.maven.archetypes -DarchetypeArtifactId=maven-archetype-quickstart -DarchetypeVersion=1.5 -DgroupId=com -DartifactId=demo2 -Dversion=0.0.1-SNAPSHOT -Dpackage=com.demo2 -DoutputDirectory="C:\Users\Wissen\Desktop\Basic Java\Maven\11_02_2025" -Dstyle.color=always -U archetype:generate
2025-02-11 14:29:27,732 [Worker-6: Creating project "mvndemo"] INFO  o.e.m.c.i.l.LifecycleMappingFactory - Using org.eclipse.m2e.jdt.JarLifecycleMapping lifecycle mapping for MavenProject: com:mvndemo:0.0.1-SNAPSHOT @ C:\Users\Wissen\Desktop\Basic Java\Maven\11_02_2025\mvndemo\pom.xml.
2025-02-11 14:29:28,940 [Worker-6: Creating project "mvndemo"] INFO  o.e.m.j.i.AbstractJavaProjectConfigurator - Adding source folder /mvndemo/src/main/java
2025-02-11 14:29:28,944 [Worker-6: Creating project "mvndemo"] INFO  o.e.m.j.i.AbstractJavaProjectConfigurator - Adding resource folder /mvndemo/src/main/resources
2025-02-11 14:29:28,945 [Worker-6: Creating project "mvndemo"] INFO  o.e.m.j.i.AbstractJavaProjectConfigurator - Adding source folder /mvndemo/src/test/java
2025-02-11 14:29:28,945 [Worker-6: Creating project "mvndemo"] INFO  o.e.m.j.i.AbstractJavaProjectConfigurator - Adding resource folder /mvndemo/src/test/resources
2025-02-11 14:29:29,829 [Worker-11: Building] WARN  o.a.m.s.f.DefaultMavenResourcesFiltering - Using platform encoding (UTF-8 actually) to copy filtered resources, i.e. build is platform dependent!
2025-02-11 14:29:29,840 [Worker-11: Building] INFO  o.a.m.s.f.DefaultMavenResourcesFiltering - Copying 0 resource from src\main\resources to target\classes
2025-02-11 14:29:29,846 [Worker-11: Building] WARN  o.a.m.s.f.DefaultMavenResourcesFiltering - Using platform encoding (UTF-8 actually) to copy filtered resources, i.e. build is platform dependent!
2025-02-11 14:29:29,848 [Worker-11: Building] INFO  o.a.m.s.f.DefaultMavenResourcesFiltering - Copying 0 resource from src\test\resources to target\test-classes
2025-02-11 14:31:49,726 [Worker-9: Building] INFO  o.e.m.c.i.l.LifecycleMappingFactory - Using org.eclipse.m2e.jdt.JarLifecycleMapping lifecycle mapping for MavenProject: com:mvndemo:0.0.1-SNAPSHOT @ C:\Users\Wissen\Desktop\Basic Java\Maven\11_02_2025\mvndemo\pom.xml.
2025-02-11 14:31:49,828 [Worker-9: Building] INFO  o.e.m.c.i.e.AbstractTransferListenerAdapter - Downloading https://repo.maven.apache.org/maven2/org/springframework/spring-web/6.2.2/spring-web-6.2.2.pom
2025-02-11 14:31:49,858 [Worker-9: Building] INFO  o.e.m.c.i.e.AbstractTransferListenerAdapter - Downloaded https://repo.maven.apache.org/maven2/org/springframework/spring-web/6.2.2/spring-web-6.2.2.pom
2025-02-11 14:31:49,898 [Worker-9: Building] INFO  o.e.m.c.i.e.AbstractTransferListenerAdapter - Downloading https://repo.maven.apache.org/maven2/org/springframework/spring-beans/6.2.2/spring-beans-6.2.2.pom
2025-02-11 14:31:49,929 [Worker-9: Building] INFO  o.e.m.c.i.e.AbstractTransferListenerAdapter - Downloaded https://repo.maven.apache.org/maven2/org/springframework/spring-beans/6.2.2/spring-beans-6.2.2.pom
2025-02-11 14:31:49,962 [Worker-9: Building] INFO  o.e.m.c.i.e.AbstractTransferListenerAdapter - Downloading https://repo.maven.apache.org/maven2/org/springframework/spring-core/6.2.2/spring-core-6.2.2.pom
2025-02-11 14:31:49,990 [Worker-9: Building] INFO  o.e.m.c.i.e.AbstractTransferListenerAdapter - Downloaded https://repo.maven.apache.org/maven2/org/springframework/spring-core/6.2.2/spring-core-6.2.2.pom
2025-02-11 14:31:50,023 [Worker-9: Building] INFO  o.e.m.c.i.e.AbstractTransferListenerAdapter - Downloading https://repo.maven.apache.org/maven2/org/springframework/spring-jcl/6.2.2/spring-jcl-6.2.2.pom
2025-02-11 14:31:50,050 [Worker-9: Building] INFO  o.e.m.c.i.e.AbstractTransferListenerAdapter - Downloaded https://repo.maven.apache.org/maven2/org/springframework/spring-jcl/6.2.2/spring-jcl-6.2.2.pom
2025-02-11 14:31:50,081 [Worker-9: Building] INFO  o.e.m.c.i.e.AbstractTransferListenerAdapter - Downloading https://repo.maven.apache.org/maven2/io/micrometer/micrometer-observation/1.14.3/micrometer-observation-1.14.3.pom
2025-02-11 14:31:50,110 [Worker-9: Building] INFO  o.e.m.c.i.e.AbstractTransferListenerAdapter - Downloaded https://repo.maven.apache.org/maven2/io/micrometer/micrometer-observation/1.14.3/micrometer-observation-1.14.3.pom
2025-02-11 14:31:50,148 [Worker-9: Building] INFO  o.e.m.c.i.e.AbstractTransferListenerAdapter - Downloading https://repo.maven.apache.org/maven2/io/micrometer/micrometer-commons/1.14.3/micrometer-commons-1.14.3.pom
2025-02-11 14:31:50,434 [Worker-9: Building] INFO  o.e.m.c.i.e.AbstractTransferListenerAdapter - Downloaded https://repo.maven.apache.org/maven2/io/micrometer/micrometer-commons/1.14.3/micrometer-commons-1.14.3.pom
2025-02-11 14:31:50,476 [Worker-9: Building] INFO  o.e.m.c.i.e.AbstractTransferListenerAdapter - Downloading https://repo.maven.apache.org/maven2/org/springframework/spring-web/6.2.2/spring-web-6.2.2.jar
2025-02-11 14:31:52,971 [Worker-9: Building] INFO  o.e.m.c.i.e.AbstractTransferListenerAdapter - Downloaded https://repo.maven.apache.org/maven2/org/springframework/spring-web/6.2.2/spring-web-6.2.2.jar
2025-02-11 14:31:53,008 [BasicRepositoryConnector-repo.maven.apache.org-0-0] INFO  o.e.m.c.i.e.AbstractTransferListenerAdapter - Downloading https://repo.maven.apache.org/maven2/org/springframework/spring-beans/6.2.2/spring-beans-6.2.2.jar
2025-02-11 14:31:53,021 [BasicRepositoryConnector-repo.maven.apache.org-0-3] INFO  o.e.m.c.i.e.AbstractTransferListenerAdapter - Downloading https://repo.maven.apache.org/maven2/io/micrometer/micrometer-observation/1.14.3/micrometer-observation-1.14.3.jar
2025-02-11 14:31:53,068 [BasicRepositoryConnector-repo.maven.apache.org-0-3] INFO  o.e.m.c.i.e.AbstractTransferListenerAdapter - Downloaded https://repo.maven.apache.org/maven2/io/micrometer/micrometer-observation/1.14.3/micrometer-observation-1.14.3.jar
2025-02-11 14:31:53,088 [BasicRepositoryConnector-repo.maven.apache.org-0-1] INFO  o.e.m.c.i.e.AbstractTransferListenerAdapter - Downloading https://repo.maven.apache.org/maven2/org/springframework/spring-core/6.2.2/spring-core-6.2.2.jar
2025-02-11 14:31:53,088 [BasicRepositoryConnector-repo.maven.apache.org-0-2] INFO  o.e.m.c.i.e.AbstractTransferListenerAdapter - Downloading https://repo.maven.apache.org/maven2/org/springframework/spring-jcl/6.2.2/spring-jcl-6.2.2.jar
2025-02-11 14:31:53,092 [BasicRepositoryConnector-repo.maven.apache.org-0-4] INFO  o.e.m.c.i.e.AbstractTransferListenerAdapter - Downloading https://repo.maven.apache.org/maven2/io/micrometer/micrometer-commons/1.14.3/micrometer-commons-1.14.3.jar
2025-02-11 14:31:53,322 [BasicRepositoryConnector-repo.maven.apache.org-0-2] INFO  o.e.m.c.i.e.AbstractTransferListenerAdapter - Downloaded https://repo.maven.apache.org/maven2/org/springframework/spring-jcl/6.2.2/spring-jcl-6.2.2.jar
2025-02-11 14:31:53,595 [BasicRepositoryConnector-repo.maven.apache.org-0-1] INFO  o.e.m.c.i.e.AbstractTransferListenerAdapter - Downloaded https://repo.maven.apache.org/maven2/org/springframework/spring-core/6.2.2/spring-core-6.2.2.jar
2025-02-11 14:31:53,700 [BasicRepositoryConnector-repo.maven.apache.org-0-4] INFO  o.e.m.c.i.e.AbstractTransferListenerAdapter - Downloaded https://repo.maven.apache.org/maven2/io/micrometer/micrometer-commons/1.14.3/micrometer-commons-1.14.3.jar
2025-02-11 14:31:54,188 [BasicRepositoryConnector-repo.maven.apache.org-0-0] INFO  o.e.m.c.i.e.AbstractTransferListenerAdapter - Downloaded https://repo.maven.apache.org/maven2/org/springframework/spring-beans/6.2.2/spring-beans-6.2.2.jar
2025-02-11 14:31:54,367 [Worker-9: Building] WARN  o.a.m.s.f.DefaultMavenResourcesFiltering - Using platform encoding (UTF-8 actually) to copy filtered resources, i.e. build is platform dependent!
2025-02-11 14:31:54,369 [Worker-9: Building] INFO  o.a.m.s.f.DefaultMavenResourcesFiltering - Copying 0 resource from src\main\resources to target\classes
2025-02-11 14:31:54,373 [Worker-9: Building] WARN  o.a.m.s.f.DefaultMavenResourcesFiltering - Using platform encoding (UTF-8 actually) to copy filtered resources, i.e. build is platform dependent!
2025-02-11 14:31:54,374 [Worker-9: Building] INFO  o.a.m.s.f.DefaultMavenResourcesFiltering - Copying 0 resource from src\test\resources to target\test-classes
2025-02-11 14:31:55,373 [Worker-1: Download sources and javadoc] INFO  o.e.m.c.i.e.AbstractTransferListenerAdapter - Downloading https://repo.maven.apache.org/maven2/org/springframework/spring-web/6.2.2/spring-web-6.2.2-sources.jar
2025-02-11 14:31:55,778 [Worker-1: Download sources and javadoc] INFO  o.e.m.c.i.e.AbstractTransferListenerAdapter - Downloaded https://repo.maven.apache.org/maven2/org/springframework/spring-web/6.2.2/spring-web-6.2.2-sources.jar
2025-02-11 14:31:55,784 [Worker-1: Download sources and javadoc] INFO  o.e.m.j.internal.DownloadSourcesJob - Downloaded sources for org.springframework:spring-web:6.2.2
2025-02-11 14:31:55,819 [Worker-14: Building] WARN  o.a.m.s.f.DefaultMavenResourcesFiltering - Using platform encoding (UTF-8 actually) to copy filtered resources, i.e. build is platform dependent!
2025-02-11 14:31:55,821 [Worker-14: Building] INFO  o.a.m.s.f.DefaultMavenResourcesFiltering - Copying 0 resource from src\main\resources to target\classes
2025-02-11 14:31:55,825 [Worker-14: Building] WARN  o.a.m.s.f.DefaultMavenResourcesFiltering - Using platform encoding (UTF-8 actually) to copy filtered resources, i.e. build is platform dependent!
2025-02-11 14:31:55,826 [Worker-14: Building] INFO  o.a.m.s.f.DefaultMavenResourcesFiltering - Copying 0 resource from src\test\resources to target\test-classes
2025-02-11 14:31:55,877 [Worker-1: Download sources and javadoc] INFO  o.e.m.c.i.e.AbstractTransferListenerAdapter - Downloading https://repo.maven.apache.org/maven2/org/springframework/spring-beans/6.2.2/spring-beans-6.2.2-sources.jar
2025-02-11 14:31:56,167 [Worker-1: Download sources and javadoc] INFO  o.e.m.c.i.e.AbstractTransferListenerAdapter - Downloaded https://repo.maven.apache.org/maven2/org/springframework/spring-beans/6.2.2/spring-beans-6.2.2-sources.jar
2025-02-11 14:31:56,174 [Worker-1: Download sources and javadoc] INFO  o.e.m.j.internal.DownloadSourcesJob - Downloaded sources for org.springframework:spring-beans:6.2.2
2025-02-11 14:31:56,238 [Worker-1: Download sources and javadoc] INFO  o.e.m.c.i.e.AbstractTransferListenerAdapter - Downloading https://repo.maven.apache.org/maven2/org/springframework/spring-core/6.2.2/spring-core-6.2.2-sources.jar
2025-02-11 14:31:57,260 [Worker-1: Download sources and javadoc] INFO  o.e.m.c.i.e.AbstractTransferListenerAdapter - Downloaded https://repo.maven.apache.org/maven2/org/springframework/spring-core/6.2.2/spring-core-6.2.2-sources.jar
2025-02-11 14:31:57,264 [Worker-1: Download sources and javadoc] INFO  o.e.m.j.internal.DownloadSourcesJob - Downloaded sources for org.springframework:spring-core:6.2.2
2025-02-11 14:31:57,353 [Worker-1: Download sources and javadoc] INFO  o.e.m.c.i.e.AbstractTransferListenerAdapter - Downloading https://repo.maven.apache.org/maven2/org/springframework/spring-jcl/6.2.2/spring-jcl-6.2.2-sources.jar
2025-02-11 14:31:57,519 [Worker-1: Download sources and javadoc] INFO  o.e.m.c.i.e.AbstractTransferListenerAdapter - Downloaded https://repo.maven.apache.org/maven2/org/springframework/spring-jcl/6.2.2/spring-jcl-6.2.2-sources.jar
2025-02-11 14:31:57,523 [Worker-1: Download sources and javadoc] INFO  o.e.m.j.internal.DownloadSourcesJob - Downloaded sources for org.springframework:spring-jcl:6.2.2
2025-02-11 14:31:57,584 [Worker-1: Download sources and javadoc] INFO  o.e.m.c.i.e.AbstractTransferListenerAdapter - Downloading https://repo.maven.apache.org/maven2/io/micrometer/micrometer-observation/1.14.3/micrometer-observation-1.14.3-sources.jar
2025-02-11 14:31:57,626 [Worker-1: Download sources and javadoc] INFO  o.e.m.c.i.e.AbstractTransferListenerAdapter - Downloaded https://repo.maven.apache.org/maven2/io/micrometer/micrometer-observation/1.14.3/micrometer-observation-1.14.3-sources.jar
2025-02-11 14:31:57,630 [Worker-1: Download sources and javadoc] INFO  o.e.m.j.internal.DownloadSourcesJob - Downloaded sources for io.micrometer:micrometer-observation:1.14.3
2025-02-11 14:31:57,674 [Worker-1: Download sources and javadoc] INFO  o.e.m.c.i.e.AbstractTransferListenerAdapter - Downloading https://repo.maven.apache.org/maven2/io/micrometer/micrometer-commons/1.14.3/micrometer-commons-1.14.3-sources.jar
2025-02-11 14:31:58,210 [Worker-1: Download sources and javadoc] INFO  o.e.m.c.i.e.AbstractTransferListenerAdapter - Downloaded https://repo.maven.apache.org/maven2/io/micrometer/micrometer-commons/1.14.3/micrometer-commons-1.14.3-sources.jar
2025-02-11 14:31:58,215 [Worker-1: Download sources and javadoc] INFO  o.e.m.j.internal.DownloadSourcesJob - Downloaded sources for io.micrometer:micrometer-commons:1.14.3
2025-02-11 14:35:07,636 [Worker-16: Building] INFO  o.e.m.c.i.l.LifecycleMappingFactory - Using org.eclipse.m2e.jdt.JarLifecycleMapping lifecycle mapping for MavenProject: com:mvndemo:0.0.1-SNAPSHOT @ C:\Users\Wissen\Desktop\Basic Java\Maven\11_02_2025\mvndemo\pom.xml.
2025-02-11 14:35:07,811 [Worker-16: Building] WARN  o.a.m.s.f.DefaultMavenResourcesFiltering - Using platform encoding (UTF-8 actually) to copy filtered resources, i.e. build is platform dependent!
2025-02-11 14:35:07,813 [Worker-16: Building] INFO  o.a.m.s.f.DefaultMavenResourcesFiltering - Copying 0 resource from src\main\resources to target\classes
2025-02-11 14:35:07,817 [Worker-16: Building] WARN  o.a.m.s.f.DefaultMavenResourcesFiltering - Using platform encoding (UTF-8 actually) to copy filtered resources, i.e. build is platform dependent!
2025-02-11 14:35:07,820 [Worker-16: Building] INFO  o.a.m.s.f.DefaultMavenResourcesFiltering - Copying 0 resource from src\test\resources to target\test-classes
2025-02-11 14:43:23,913 [Worker-15: Building] INFO  o.e.m.c.i.l.LifecycleMappingFactory - Using org.eclipse.m2e.jdt.JarLifecycleMapping lifecycle mapping for MavenProject: com:mvndemo:0.0.1-SNAPSHOT @ C:\Users\Wissen\Desktop\Basic Java\Maven\11_02_2025\mvndemo\pom.xml.
2025-02-11 14:43:24,053 [Worker-15: Building] WARN  o.a.m.s.f.DefaultMavenResourcesFiltering - Using platform encoding (UTF-8 actually) to copy filtered resources, i.e. build is platform dependent!
2025-02-11 14:43:24,056 [Worker-15: Building] INFO  o.a.m.s.f.DefaultMavenResourcesFiltering - Copying 0 resource from src\main\resources to target\classes
2025-02-11 14:43:24,059 [Worker-15: Building] WARN  o.a.m.s.f.DefaultMavenResourcesFiltering - Using platform encoding (UTF-8 actually) to copy filtered resources, i.e. build is platform dependent!
2025-02-11 14:43:24,061 [Worker-15: Building] INFO  o.a.m.s.f.DefaultMavenResourcesFiltering - Copying 0 resource from src\test\resources to target\test-classes
2025-02-11 14:43:35,332 [Worker-18: Building] INFO  o.e.m.c.i.l.LifecycleMappingFactory - Using org.eclipse.m2e.jdt.JarLifecycleMapping lifecycle mapping for MavenProject: com:mvndemo:0.0.1-SNAPSHOT @ C:\Users\Wissen\Desktop\Basic Java\Maven\11_02_2025\mvndemo\pom.xml.
2025-02-11 14:43:35,462 [Worker-18: Building] WARN  o.a.m.s.f.DefaultMavenResourcesFiltering - Using platform encoding (UTF-8 actually) to copy filtered resources, i.e. build is platform dependent!
2025-02-11 14:43:35,465 [Worker-18: Building] INFO  o.a.m.s.f.DefaultMavenResourcesFiltering - Copying 0 resource from src\main\resources to target\classes
2025-02-11 14:43:35,468 [Worker-18: Building] WARN  o.a.m.s.f.DefaultMavenResourcesFiltering - Using platform encoding (UTF-8 actually) to copy filtered resources, i.e. build is platform dependent!
2025-02-11 14:43:35,470 [Worker-18: Building] INFO  o.a.m.s.f.DefaultMavenResourcesFiltering - Copying 0 resource from src\test\resources to target\test-classes
2025-02-11 14:48:02,041 [Worker-20: Building] INFO  o.e.m.c.i.l.LifecycleMappingFactory - Using org.eclipse.m2e.jdt.JarLifecycleMapping lifecycle mapping for MavenProject: com:mvndemo:0.0.1-SNAPSHOT @ C:\Users\Wissen\Desktop\Basic Java\Maven\11_02_2025\mvndemo\pom.xml.
2025-02-11 14:48:02,168 [Worker-20: Building] WARN  o.a.m.s.f.DefaultMavenResourcesFiltering - Using platform encoding (UTF-8 actually) to copy filtered resources, i.e. build is platform dependent!
2025-02-11 14:48:02,172 [Worker-20: Building] INFO  o.a.m.s.f.DefaultMavenResourcesFiltering - Copying 0 resource from src\main\resources to target\classes
2025-02-11 14:48:02,177 [Worker-20: Building] WARN  o.a.m.s.f.DefaultMavenResourcesFiltering - Using platform encoding (UTF-8 actually) to copy filtered resources, i.e. build is platform dependent!
2025-02-11 14:48:02,178 [Worker-20: Building] INFO  o.a.m.s.f.DefaultMavenResourcesFiltering - Copying 0 resource from src\test\resources to target\test-classes
2025-02-11 14:48:03,495 [Worker-24: Building] WARN  o.a.m.s.f.DefaultMavenResourcesFiltering - Using platform encoding (UTF-8 actually) to copy filtered resources, i.e. build is platform dependent!
2025-02-11 14:48:03,496 [Worker-24: Building] INFO  o.a.m.s.f.DefaultMavenResourcesFiltering - Copying 0 resource from src\main\resources to target\classes
2025-02-11 14:48:03,498 [Worker-24: Building] WARN  o.a.m.s.f.DefaultMavenResourcesFiltering - Using platform encoding (UTF-8 actually) to copy filtered resources, i.e. build is platform dependent!
2025-02-11 14:48:03,498 [Worker-24: Building] INFO  o.a.m.s.f.DefaultMavenResourcesFiltering - Copying 0 resource from src\test\resources to target\test-classes
2025-02-11 14:49:22,627 [Worker-20: Building] INFO  o.e.m.c.i.l.LifecycleMappingFactory - Using org.eclipse.m2e.jdt.JarLifecycleMapping lifecycle mapping for MavenProject: com:mvndemo:0.0.1-SNAPSHOT @ C:\Users\Wissen\Desktop\Basic Java\Maven\11_02_2025\mvndemo\pom.xml.
2025-02-11 14:49:22,736 [Worker-20: Building] WARN  o.a.m.s.f.DefaultMavenResourcesFiltering - Using platform encoding (UTF-8 actually) to copy filtered resources, i.e. build is platform dependent!
2025-02-11 14:49:22,738 [Worker-20: Building] INFO  o.a.m.s.f.DefaultMavenResourcesFiltering - Copying 0 resource from src\main\resources to target\classes
2025-02-11 14:49:22,741 [Worker-20: Building] WARN  o.a.m.s.f.DefaultMavenResourcesFiltering - Using platform encoding (UTF-8 actually) to copy filtered resources, i.e. build is platform dependent!
2025-02-11 14:49:22,743 [Worker-20: Building] INFO  o.a.m.s.f.DefaultMavenResourcesFiltering - Copying 0 resource from src\test\resources to target\test-classes
2025-02-11 14:49:24,000 [Worker-24: Building] WARN  o.a.m.s.f.DefaultMavenResourcesFiltering - Using platform encoding (UTF-8 actually) to copy filtered resources, i.e. build is platform dependent!
2025-02-11 14:49:24,002 [Worker-24: Building] INFO  o.a.m.s.f.DefaultMavenResourcesFiltering - Copying 0 resource from src\main\resources to target\classes
2025-02-11 14:49:24,003 [Worker-24: Building] WARN  o.a.m.s.f.DefaultMavenResourcesFiltering - Using platform encoding (UTF-8 actually) to copy filtered resources, i.e. build is platform dependent!
2025-02-11 14:49:24,004 [Worker-24: Building] INFO  o.a.m.s.f.DefaultMavenResourcesFiltering - Copying 0 resource from src\test\resources to target\test-classes
2025-02-11 15:07:00,197 [Worker-22: Building] INFO  o.e.m.c.i.l.LifecycleMappingFactory - Using org.eclipse.m2e.jdt.JarLifecycleMapping lifecycle mapping for MavenProject: com:mvndemo:0.0.1-SNAPSHOT @ C:\Users\Wissen\Desktop\Basic Java\Maven\11_02_2025\mvndemo\pom.xml.
2025-02-11 15:07:00,385 [Worker-22: Building] WARN  o.a.m.s.f.DefaultMavenResourcesFiltering - Using platform encoding (UTF-8 actually) to copy filtered resources, i.e. build is platform dependent!
2025-02-11 15:07:00,388 [Worker-22: Building] INFO  o.a.m.s.f.DefaultMavenResourcesFiltering - Copying 0 resource from src\main\resources to target\classes
2025-02-11 15:07:00,392 [Worker-22: Building] WARN  o.a.m.s.f.DefaultMavenResourcesFiltering - Using platform encoding (UTF-8 actually) to copy filtered resources, i.e. build is platform dependent!
2025-02-11 15:07:00,395 [Worker-22: Building] INFO  o.a.m.s.f.DefaultMavenResourcesFiltering - Copying 0 resource from src\test\resources to target\test-classes
